[2024-07-24T23:44:40.209+0000] {processor.py:161} INFO - Started process (PID=316) to work on /home/airflow/.local/lib/python3.12/site-packages/airflow/example_dags/example_setup_teardown.py
[2024-07-24T23:44:40.211+0000] {processor.py:830} INFO - Processing file /home/airflow/.local/lib/python3.12/site-packages/airflow/example_dags/example_setup_teardown.py for tasks to queue
[2024-07-24T23:44:40.215+0000] {logging_mixin.py:188} INFO - [2024-07-24T23:44:40.214+0000] {dagbag.py:545} INFO - Filling up the DagBag from /home/airflow/.local/lib/python3.12/site-packages/airflow/example_dags/example_setup_teardown.py
[2024-07-24T23:44:40.230+0000] {processor.py:840} INFO - DAG(s) 'example_setup_teardown' retrieved from /home/airflow/.local/lib/python3.12/site-packages/airflow/example_dags/example_setup_teardown.py
[2024-07-24T23:44:40.381+0000] {logging_mixin.py:188} INFO - [2024-07-24T23:44:40.380+0000] {dag.py:3089} INFO - Sync 1 DAGs
[2024-07-24T23:44:40.425+0000] {logging_mixin.py:188} INFO - [2024-07-24T23:44:40.424+0000] {dag.py:3947} INFO - Setting next_dagrun for example_setup_teardown to 2024-07-23 00:00:00+00:00, run_after=2024-07-24 00:00:00+00:00
[2024-07-24T23:44:40.461+0000] {processor.py:183} INFO - Processing /home/airflow/.local/lib/python3.12/site-packages/airflow/example_dags/example_setup_teardown.py took 0.260 seconds
[2024-07-24T23:45:10.860+0000] {processor.py:161} INFO - Started process (PID=576) to work on /home/airflow/.local/lib/python3.12/site-packages/airflow/example_dags/example_setup_teardown.py
[2024-07-24T23:45:10.862+0000] {processor.py:830} INFO - Processing file /home/airflow/.local/lib/python3.12/site-packages/airflow/example_dags/example_setup_teardown.py for tasks to queue
[2024-07-24T23:45:10.865+0000] {logging_mixin.py:188} INFO - [2024-07-24T23:45:10.864+0000] {dagbag.py:545} INFO - Filling up the DagBag from /home/airflow/.local/lib/python3.12/site-packages/airflow/example_dags/example_setup_teardown.py
[2024-07-24T23:45:10.875+0000] {processor.py:840} INFO - DAG(s) 'example_setup_teardown' retrieved from /home/airflow/.local/lib/python3.12/site-packages/airflow/example_dags/example_setup_teardown.py
[2024-07-24T23:45:10.920+0000] {logging_mixin.py:188} INFO - [2024-07-24T23:45:10.919+0000] {dag.py:3089} INFO - Sync 1 DAGs
[2024-07-24T23:45:10.972+0000] {logging_mixin.py:188} INFO - [2024-07-24T23:45:10.972+0000] {dag.py:3947} INFO - Setting next_dagrun for example_setup_teardown to 2024-07-23 00:00:00+00:00, run_after=2024-07-24 00:00:00+00:00
[2024-07-24T23:45:11.012+0000] {processor.py:183} INFO - Processing /home/airflow/.local/lib/python3.12/site-packages/airflow/example_dags/example_setup_teardown.py took 0.167 seconds
[2024-07-24T23:45:41.182+0000] {processor.py:161} INFO - Started process (PID=839) to work on /home/airflow/.local/lib/python3.12/site-packages/airflow/example_dags/example_setup_teardown.py
[2024-07-24T23:45:41.184+0000] {processor.py:830} INFO - Processing file /home/airflow/.local/lib/python3.12/site-packages/airflow/example_dags/example_setup_teardown.py for tasks to queue
[2024-07-24T23:45:41.187+0000] {logging_mixin.py:188} INFO - [2024-07-24T23:45:41.186+0000] {dagbag.py:545} INFO - Filling up the DagBag from /home/airflow/.local/lib/python3.12/site-packages/airflow/example_dags/example_setup_teardown.py
[2024-07-24T23:45:41.199+0000] {processor.py:840} INFO - DAG(s) 'example_setup_teardown' retrieved from /home/airflow/.local/lib/python3.12/site-packages/airflow/example_dags/example_setup_teardown.py
[2024-07-24T23:45:41.228+0000] {logging_mixin.py:188} INFO - [2024-07-24T23:45:41.228+0000] {dag.py:3089} INFO - Sync 1 DAGs
[2024-07-24T23:45:41.266+0000] {logging_mixin.py:188} INFO - [2024-07-24T23:45:41.265+0000] {dag.py:3947} INFO - Setting next_dagrun for example_setup_teardown to 2024-07-23 00:00:00+00:00, run_after=2024-07-24 00:00:00+00:00
[2024-07-24T23:45:41.304+0000] {processor.py:183} INFO - Processing /home/airflow/.local/lib/python3.12/site-packages/airflow/example_dags/example_setup_teardown.py took 0.132 seconds
[2024-07-24T23:46:12.371+0000] {processor.py:161} INFO - Started process (PID=1101) to work on /home/airflow/.local/lib/python3.12/site-packages/airflow/example_dags/example_setup_teardown.py
[2024-07-24T23:46:12.374+0000] {processor.py:830} INFO - Processing file /home/airflow/.local/lib/python3.12/site-packages/airflow/example_dags/example_setup_teardown.py for tasks to queue
[2024-07-24T23:46:12.378+0000] {logging_mixin.py:188} INFO - [2024-07-24T23:46:12.377+0000] {dagbag.py:545} INFO - Filling up the DagBag from /home/airflow/.local/lib/python3.12/site-packages/airflow/example_dags/example_setup_teardown.py
[2024-07-24T23:46:12.396+0000] {processor.py:840} INFO - DAG(s) 'example_setup_teardown' retrieved from /home/airflow/.local/lib/python3.12/site-packages/airflow/example_dags/example_setup_teardown.py
[2024-07-24T23:46:12.441+0000] {logging_mixin.py:188} INFO - [2024-07-24T23:46:12.441+0000] {dag.py:3089} INFO - Sync 1 DAGs
[2024-07-24T23:46:12.488+0000] {logging_mixin.py:188} INFO - [2024-07-24T23:46:12.488+0000] {dag.py:3947} INFO - Setting next_dagrun for example_setup_teardown to 2024-07-23 00:00:00+00:00, run_after=2024-07-24 00:00:00+00:00
[2024-07-24T23:46:12.522+0000] {processor.py:183} INFO - Processing /home/airflow/.local/lib/python3.12/site-packages/airflow/example_dags/example_setup_teardown.py took 0.163 seconds
[2024-07-24T23:46:42.975+0000] {processor.py:161} INFO - Started process (PID=1365) to work on /home/airflow/.local/lib/python3.12/site-packages/airflow/example_dags/example_setup_teardown.py
[2024-07-24T23:46:42.977+0000] {processor.py:830} INFO - Processing file /home/airflow/.local/lib/python3.12/site-packages/airflow/example_dags/example_setup_teardown.py for tasks to queue
[2024-07-24T23:46:42.979+0000] {logging_mixin.py:188} INFO - [2024-07-24T23:46:42.978+0000] {dagbag.py:545} INFO - Filling up the DagBag from /home/airflow/.local/lib/python3.12/site-packages/airflow/example_dags/example_setup_teardown.py
[2024-07-24T23:46:42.985+0000] {processor.py:840} INFO - DAG(s) 'example_setup_teardown' retrieved from /home/airflow/.local/lib/python3.12/site-packages/airflow/example_dags/example_setup_teardown.py
[2024-07-24T23:46:43.005+0000] {logging_mixin.py:188} INFO - [2024-07-24T23:46:43.005+0000] {dag.py:3089} INFO - Sync 1 DAGs
[2024-07-24T23:46:43.026+0000] {logging_mixin.py:188} INFO - [2024-07-24T23:46:43.026+0000] {dag.py:3947} INFO - Setting next_dagrun for example_setup_teardown to 2024-07-23 00:00:00+00:00, run_after=2024-07-24 00:00:00+00:00
[2024-07-24T23:46:43.048+0000] {processor.py:183} INFO - Processing /home/airflow/.local/lib/python3.12/site-packages/airflow/example_dags/example_setup_teardown.py took 0.078 seconds
[2024-07-24T23:47:13.360+0000] {processor.py:161} INFO - Started process (PID=1625) to work on /home/airflow/.local/lib/python3.12/site-packages/airflow/example_dags/example_setup_teardown.py
[2024-07-24T23:47:13.361+0000] {processor.py:830} INFO - Processing file /home/airflow/.local/lib/python3.12/site-packages/airflow/example_dags/example_setup_teardown.py for tasks to queue
[2024-07-24T23:47:13.363+0000] {logging_mixin.py:188} INFO - [2024-07-24T23:47:13.363+0000] {dagbag.py:545} INFO - Filling up the DagBag from /home/airflow/.local/lib/python3.12/site-packages/airflow/example_dags/example_setup_teardown.py
[2024-07-24T23:47:13.370+0000] {processor.py:840} INFO - DAG(s) 'example_setup_teardown' retrieved from /home/airflow/.local/lib/python3.12/site-packages/airflow/example_dags/example_setup_teardown.py
[2024-07-24T23:47:13.393+0000] {logging_mixin.py:188} INFO - [2024-07-24T23:47:13.392+0000] {dag.py:3089} INFO - Sync 1 DAGs
[2024-07-24T23:47:13.417+0000] {logging_mixin.py:188} INFO - [2024-07-24T23:47:13.417+0000] {dag.py:3947} INFO - Setting next_dagrun for example_setup_teardown to 2024-07-23 00:00:00+00:00, run_after=2024-07-24 00:00:00+00:00
[2024-07-24T23:47:13.441+0000] {processor.py:183} INFO - Processing /home/airflow/.local/lib/python3.12/site-packages/airflow/example_dags/example_setup_teardown.py took 0.087 seconds
