[2024-07-24T23:44:44.052+0000] {processor.py:161} INFO - Started process (PID=399) to work on /home/airflow/.local/lib/python3.12/site-packages/airflow/example_dags/example_latest_only_with_trigger.py
[2024-07-24T23:44:44.054+0000] {processor.py:830} INFO - Processing file /home/airflow/.local/lib/python3.12/site-packages/airflow/example_dags/example_latest_only_with_trigger.py for tasks to queue
[2024-07-24T23:44:44.058+0000] {logging_mixin.py:188} INFO - [2024-07-24T23:44:44.057+0000] {dagbag.py:545} INFO - Filling up the DagBag from /home/airflow/.local/lib/python3.12/site-packages/airflow/example_dags/example_latest_only_with_trigger.py
[2024-07-24T23:44:44.077+0000] {processor.py:840} INFO - DAG(s) 'latest_only_with_trigger' retrieved from /home/airflow/.local/lib/python3.12/site-packages/airflow/example_dags/example_latest_only_with_trigger.py
[2024-07-24T23:44:44.428+0000] {logging_mixin.py:188} INFO - [2024-07-24T23:44:44.428+0000] {dag.py:3089} INFO - Sync 1 DAGs
[2024-07-24T23:44:44.487+0000] {logging_mixin.py:188} INFO - [2024-07-24T23:44:44.486+0000] {dag.py:3947} INFO - Setting next_dagrun for latest_only_with_trigger to 2024-07-24 16:00:00+00:00, run_after=2024-07-24 20:00:00+00:00
[2024-07-24T23:44:44.535+0000] {processor.py:183} INFO - Processing /home/airflow/.local/lib/python3.12/site-packages/airflow/example_dags/example_latest_only_with_trigger.py took 0.499 seconds
[2024-07-24T23:45:15.244+0000] {processor.py:161} INFO - Started process (PID=663) to work on /home/airflow/.local/lib/python3.12/site-packages/airflow/example_dags/example_latest_only_with_trigger.py
[2024-07-24T23:45:15.246+0000] {processor.py:830} INFO - Processing file /home/airflow/.local/lib/python3.12/site-packages/airflow/example_dags/example_latest_only_with_trigger.py for tasks to queue
[2024-07-24T23:45:15.248+0000] {logging_mixin.py:188} INFO - [2024-07-24T23:45:15.248+0000] {dagbag.py:545} INFO - Filling up the DagBag from /home/airflow/.local/lib/python3.12/site-packages/airflow/example_dags/example_latest_only_with_trigger.py
[2024-07-24T23:45:15.254+0000] {processor.py:840} INFO - DAG(s) 'latest_only_with_trigger' retrieved from /home/airflow/.local/lib/python3.12/site-packages/airflow/example_dags/example_latest_only_with_trigger.py
[2024-07-24T23:45:15.275+0000] {logging_mixin.py:188} INFO - [2024-07-24T23:45:15.274+0000] {dag.py:3089} INFO - Sync 1 DAGs
[2024-07-24T23:45:15.299+0000] {logging_mixin.py:188} INFO - [2024-07-24T23:45:15.299+0000] {dag.py:3947} INFO - Setting next_dagrun for latest_only_with_trigger to 2024-07-24 16:00:00+00:00, run_after=2024-07-24 20:00:00+00:00
[2024-07-24T23:45:15.322+0000] {processor.py:183} INFO - Processing /home/airflow/.local/lib/python3.12/site-packages/airflow/example_dags/example_latest_only_with_trigger.py took 0.088 seconds
[2024-07-24T23:45:46.282+0000] {processor.py:161} INFO - Started process (PID=926) to work on /home/airflow/.local/lib/python3.12/site-packages/airflow/example_dags/example_latest_only_with_trigger.py
[2024-07-24T23:45:46.284+0000] {processor.py:830} INFO - Processing file /home/airflow/.local/lib/python3.12/site-packages/airflow/example_dags/example_latest_only_with_trigger.py for tasks to queue
[2024-07-24T23:45:46.287+0000] {logging_mixin.py:188} INFO - [2024-07-24T23:45:46.287+0000] {dagbag.py:545} INFO - Filling up the DagBag from /home/airflow/.local/lib/python3.12/site-packages/airflow/example_dags/example_latest_only_with_trigger.py
[2024-07-24T23:45:46.296+0000] {processor.py:840} INFO - DAG(s) 'latest_only_with_trigger' retrieved from /home/airflow/.local/lib/python3.12/site-packages/airflow/example_dags/example_latest_only_with_trigger.py
[2024-07-24T23:45:46.328+0000] {logging_mixin.py:188} INFO - [2024-07-24T23:45:46.327+0000] {dag.py:3089} INFO - Sync 1 DAGs
[2024-07-24T23:45:46.373+0000] {logging_mixin.py:188} INFO - [2024-07-24T23:45:46.372+0000] {dag.py:3947} INFO - Setting next_dagrun for latest_only_with_trigger to 2024-07-24 16:00:00+00:00, run_after=2024-07-24 20:00:00+00:00
[2024-07-24T23:45:46.419+0000] {processor.py:183} INFO - Processing /home/airflow/.local/lib/python3.12/site-packages/airflow/example_dags/example_latest_only_with_trigger.py took 0.145 seconds
[2024-07-24T23:46:16.755+0000] {processor.py:161} INFO - Started process (PID=1186) to work on /home/airflow/.local/lib/python3.12/site-packages/airflow/example_dags/example_latest_only_with_trigger.py
[2024-07-24T23:46:16.756+0000] {processor.py:830} INFO - Processing file /home/airflow/.local/lib/python3.12/site-packages/airflow/example_dags/example_latest_only_with_trigger.py for tasks to queue
[2024-07-24T23:46:16.758+0000] {logging_mixin.py:188} INFO - [2024-07-24T23:46:16.757+0000] {dagbag.py:545} INFO - Filling up the DagBag from /home/airflow/.local/lib/python3.12/site-packages/airflow/example_dags/example_latest_only_with_trigger.py
[2024-07-24T23:46:16.763+0000] {processor.py:840} INFO - DAG(s) 'latest_only_with_trigger' retrieved from /home/airflow/.local/lib/python3.12/site-packages/airflow/example_dags/example_latest_only_with_trigger.py
[2024-07-24T23:46:16.786+0000] {logging_mixin.py:188} INFO - [2024-07-24T23:46:16.786+0000] {dag.py:3089} INFO - Sync 1 DAGs
[2024-07-24T23:46:16.808+0000] {logging_mixin.py:188} INFO - [2024-07-24T23:46:16.807+0000] {dag.py:3947} INFO - Setting next_dagrun for latest_only_with_trigger to 2024-07-24 16:00:00+00:00, run_after=2024-07-24 20:00:00+00:00
[2024-07-24T23:46:16.832+0000] {processor.py:183} INFO - Processing /home/airflow/.local/lib/python3.12/site-packages/airflow/example_dags/example_latest_only_with_trigger.py took 0.082 seconds
[2024-07-24T23:46:47.266+0000] {processor.py:161} INFO - Started process (PID=1448) to work on /home/airflow/.local/lib/python3.12/site-packages/airflow/example_dags/example_latest_only_with_trigger.py
[2024-07-24T23:46:47.268+0000] {processor.py:830} INFO - Processing file /home/airflow/.local/lib/python3.12/site-packages/airflow/example_dags/example_latest_only_with_trigger.py for tasks to queue
[2024-07-24T23:46:47.270+0000] {logging_mixin.py:188} INFO - [2024-07-24T23:46:47.269+0000] {dagbag.py:545} INFO - Filling up the DagBag from /home/airflow/.local/lib/python3.12/site-packages/airflow/example_dags/example_latest_only_with_trigger.py
[2024-07-24T23:46:47.276+0000] {processor.py:840} INFO - DAG(s) 'latest_only_with_trigger' retrieved from /home/airflow/.local/lib/python3.12/site-packages/airflow/example_dags/example_latest_only_with_trigger.py
[2024-07-24T23:46:47.301+0000] {logging_mixin.py:188} INFO - [2024-07-24T23:46:47.301+0000] {dag.py:3089} INFO - Sync 1 DAGs
[2024-07-24T23:46:47.337+0000] {logging_mixin.py:188} INFO - [2024-07-24T23:46:47.337+0000] {dag.py:3947} INFO - Setting next_dagrun for latest_only_with_trigger to 2024-07-24 16:00:00+00:00, run_after=2024-07-24 20:00:00+00:00
[2024-07-24T23:46:47.364+0000] {processor.py:183} INFO - Processing /home/airflow/.local/lib/python3.12/site-packages/airflow/example_dags/example_latest_only_with_trigger.py took 0.109 seconds
[2024-07-24T23:47:17.473+0000] {processor.py:161} INFO - Started process (PID=1710) to work on /home/airflow/.local/lib/python3.12/site-packages/airflow/example_dags/example_latest_only_with_trigger.py
[2024-07-24T23:47:17.474+0000] {processor.py:830} INFO - Processing file /home/airflow/.local/lib/python3.12/site-packages/airflow/example_dags/example_latest_only_with_trigger.py for tasks to queue
[2024-07-24T23:47:17.475+0000] {logging_mixin.py:188} INFO - [2024-07-24T23:47:17.475+0000] {dagbag.py:545} INFO - Filling up the DagBag from /home/airflow/.local/lib/python3.12/site-packages/airflow/example_dags/example_latest_only_with_trigger.py
[2024-07-24T23:47:17.481+0000] {processor.py:840} INFO - DAG(s) 'latest_only_with_trigger' retrieved from /home/airflow/.local/lib/python3.12/site-packages/airflow/example_dags/example_latest_only_with_trigger.py
[2024-07-24T23:47:17.502+0000] {logging_mixin.py:188} INFO - [2024-07-24T23:47:17.502+0000] {dag.py:3089} INFO - Sync 1 DAGs
[2024-07-24T23:47:17.526+0000] {logging_mixin.py:188} INFO - [2024-07-24T23:47:17.526+0000] {dag.py:3947} INFO - Setting next_dagrun for latest_only_with_trigger to 2024-07-24 16:00:00+00:00, run_after=2024-07-24 20:00:00+00:00
[2024-07-24T23:47:17.549+0000] {processor.py:183} INFO - Processing /home/airflow/.local/lib/python3.12/site-packages/airflow/example_dags/example_latest_only_with_trigger.py took 0.081 seconds
