[2024-07-24T23:44:37.563+0000] {processor.py:161} INFO - Started process (PID=269) to work on /home/airflow/.local/lib/python3.12/site-packages/airflow/example_dags/example_datasets.py
[2024-07-24T23:44:37.565+0000] {processor.py:830} INFO - Processing file /home/airflow/.local/lib/python3.12/site-packages/airflow/example_dags/example_datasets.py for tasks to queue
[2024-07-24T23:44:37.568+0000] {logging_mixin.py:188} INFO - [2024-07-24T23:44:37.567+0000] {dagbag.py:545} INFO - Filling up the DagBag from /home/airflow/.local/lib/python3.12/site-packages/airflow/example_dags/example_datasets.py
[2024-07-24T23:44:37.596+0000] {processor.py:840} INFO - DAG(s) 'dataset_consumes_1', 'dataset_produces_1', 'consume_1_and_2_with_dataset_expressions', 'consume_1_or_both_2_and_3_with_dataset_expressions', 'dataset_produces_2', 'dataset_consumes_1_and_2', 'conditional_dataset_and_time_based_timetable', 'consume_1_or_2_with_dataset_expressions', 'dataset_consumes_1_never_scheduled', 'dataset_consumes_unknown_never_scheduled' retrieved from /home/airflow/.local/lib/python3.12/site-packages/airflow/example_dags/example_datasets.py
[2024-07-24T23:44:38.268+0000] {logging_mixin.py:188} INFO - [2024-07-24T23:44:38.268+0000] {dag.py:3089} INFO - Sync 10 DAGs
[2024-07-24T23:44:38.383+0000] {logging_mixin.py:188} INFO - [2024-07-24T23:44:38.380+0000] {dag.py:3947} INFO - Setting next_dagrun for conditional_dataset_and_time_based_timetable to 2024-07-24 01:00:00+00:00, run_after=2024-07-24 01:00:00+00:00
[2024-07-24T23:44:38.394+0000] {logging_mixin.py:188} INFO - [2024-07-24T23:44:38.393+0000] {dag.py:3947} INFO - Setting next_dagrun for consume_1_and_2_with_dataset_expressions to None, run_after=None
[2024-07-24T23:44:38.408+0000] {logging_mixin.py:188} INFO - [2024-07-24T23:44:38.405+0000] {dag.py:3947} INFO - Setting next_dagrun for consume_1_or_2_with_dataset_expressions to None, run_after=None
[2024-07-24T23:44:38.418+0000] {logging_mixin.py:188} INFO - [2024-07-24T23:44:38.417+0000] {dag.py:3947} INFO - Setting next_dagrun for consume_1_or_both_2_and_3_with_dataset_expressions to None, run_after=None
[2024-07-24T23:44:38.421+0000] {logging_mixin.py:188} INFO - [2024-07-24T23:44:38.421+0000] {dag.py:3947} INFO - Setting next_dagrun for dataset_consumes_1 to None, run_after=None
[2024-07-24T23:44:38.426+0000] {logging_mixin.py:188} INFO - [2024-07-24T23:44:38.426+0000] {dag.py:3947} INFO - Setting next_dagrun for dataset_consumes_1_and_2 to None, run_after=None
[2024-07-24T23:44:38.435+0000] {logging_mixin.py:188} INFO - [2024-07-24T23:44:38.431+0000] {dag.py:3947} INFO - Setting next_dagrun for dataset_consumes_1_never_scheduled to None, run_after=None
[2024-07-24T23:44:38.441+0000] {logging_mixin.py:188} INFO - [2024-07-24T23:44:38.440+0000] {dag.py:3947} INFO - Setting next_dagrun for dataset_consumes_unknown_never_scheduled to None, run_after=None
[2024-07-24T23:44:38.450+0000] {logging_mixin.py:188} INFO - [2024-07-24T23:44:38.449+0000] {dag.py:3947} INFO - Setting next_dagrun for dataset_produces_1 to 2024-07-23 00:00:00+00:00, run_after=2024-07-24 00:00:00+00:00
[2024-07-24T23:44:38.453+0000] {logging_mixin.py:188} INFO - [2024-07-24T23:44:38.453+0000] {dag.py:3947} INFO - Setting next_dagrun for dataset_produces_2 to None, run_after=None
[2024-07-24T23:44:38.584+0000] {processor.py:183} INFO - Processing /home/airflow/.local/lib/python3.12/site-packages/airflow/example_dags/example_datasets.py took 1.031 seconds
[2024-07-24T23:45:08.732+0000] {processor.py:161} INFO - Started process (PID=531) to work on /home/airflow/.local/lib/python3.12/site-packages/airflow/example_dags/example_datasets.py
[2024-07-24T23:45:08.734+0000] {processor.py:830} INFO - Processing file /home/airflow/.local/lib/python3.12/site-packages/airflow/example_dags/example_datasets.py for tasks to queue
[2024-07-24T23:45:08.737+0000] {logging_mixin.py:188} INFO - [2024-07-24T23:45:08.736+0000] {dagbag.py:545} INFO - Filling up the DagBag from /home/airflow/.local/lib/python3.12/site-packages/airflow/example_dags/example_datasets.py
[2024-07-24T23:45:08.757+0000] {processor.py:840} INFO - DAG(s) 'dataset_produces_1', 'conditional_dataset_and_time_based_timetable', 'consume_1_or_both_2_and_3_with_dataset_expressions', 'dataset_consumes_1', 'consume_1_or_2_with_dataset_expressions', 'dataset_consumes_1_never_scheduled', 'dataset_consumes_unknown_never_scheduled', 'dataset_consumes_1_and_2', 'consume_1_and_2_with_dataset_expressions', 'dataset_produces_2' retrieved from /home/airflow/.local/lib/python3.12/site-packages/airflow/example_dags/example_datasets.py
[2024-07-24T23:45:08.842+0000] {logging_mixin.py:188} INFO - [2024-07-24T23:45:08.842+0000] {dag.py:3089} INFO - Sync 10 DAGs
[2024-07-24T23:45:08.875+0000] {logging_mixin.py:188} INFO - [2024-07-24T23:45:08.875+0000] {dag.py:3947} INFO - Setting next_dagrun for conditional_dataset_and_time_based_timetable to 2024-07-24 01:00:00+00:00, run_after=2024-07-24 01:00:00+00:00
[2024-07-24T23:45:08.881+0000] {logging_mixin.py:188} INFO - [2024-07-24T23:45:08.880+0000] {dag.py:3947} INFO - Setting next_dagrun for consume_1_and_2_with_dataset_expressions to None, run_after=None
[2024-07-24T23:45:08.883+0000] {logging_mixin.py:188} INFO - [2024-07-24T23:45:08.883+0000] {dag.py:3947} INFO - Setting next_dagrun for consume_1_or_2_with_dataset_expressions to None, run_after=None
[2024-07-24T23:45:08.886+0000] {logging_mixin.py:188} INFO - [2024-07-24T23:45:08.885+0000] {dag.py:3947} INFO - Setting next_dagrun for consume_1_or_both_2_and_3_with_dataset_expressions to None, run_after=None
[2024-07-24T23:45:08.888+0000] {logging_mixin.py:188} INFO - [2024-07-24T23:45:08.888+0000] {dag.py:3947} INFO - Setting next_dagrun for dataset_consumes_1 to None, run_after=None
[2024-07-24T23:45:08.891+0000] {logging_mixin.py:188} INFO - [2024-07-24T23:45:08.890+0000] {dag.py:3947} INFO - Setting next_dagrun for dataset_consumes_1_and_2 to None, run_after=None
[2024-07-24T23:45:08.893+0000] {logging_mixin.py:188} INFO - [2024-07-24T23:45:08.893+0000] {dag.py:3947} INFO - Setting next_dagrun for dataset_consumes_1_never_scheduled to None, run_after=None
[2024-07-24T23:45:08.895+0000] {logging_mixin.py:188} INFO - [2024-07-24T23:45:08.895+0000] {dag.py:3947} INFO - Setting next_dagrun for dataset_consumes_unknown_never_scheduled to None, run_after=None
[2024-07-24T23:45:08.899+0000] {logging_mixin.py:188} INFO - [2024-07-24T23:45:08.899+0000] {dag.py:3947} INFO - Setting next_dagrun for dataset_produces_1 to 2024-07-23 00:00:00+00:00, run_after=2024-07-24 00:00:00+00:00
[2024-07-24T23:45:08.903+0000] {logging_mixin.py:188} INFO - [2024-07-24T23:45:08.903+0000] {dag.py:3947} INFO - Setting next_dagrun for dataset_produces_2 to None, run_after=None
[2024-07-24T23:45:08.963+0000] {processor.py:183} INFO - Processing /home/airflow/.local/lib/python3.12/site-packages/airflow/example_dags/example_datasets.py took 0.240 seconds
[2024-07-24T23:45:39.903+0000] {processor.py:161} INFO - Started process (PID=794) to work on /home/airflow/.local/lib/python3.12/site-packages/airflow/example_dags/example_datasets.py
[2024-07-24T23:45:39.904+0000] {processor.py:830} INFO - Processing file /home/airflow/.local/lib/python3.12/site-packages/airflow/example_dags/example_datasets.py for tasks to queue
[2024-07-24T23:45:39.908+0000] {logging_mixin.py:188} INFO - [2024-07-24T23:45:39.907+0000] {dagbag.py:545} INFO - Filling up the DagBag from /home/airflow/.local/lib/python3.12/site-packages/airflow/example_dags/example_datasets.py
[2024-07-24T23:45:39.934+0000] {processor.py:840} INFO - DAG(s) 'dataset_consumes_1_and_2', 'consume_1_and_2_with_dataset_expressions', 'conditional_dataset_and_time_based_timetable', 'consume_1_or_both_2_and_3_with_dataset_expressions', 'dataset_consumes_1', 'dataset_produces_2', 'dataset_produces_1', 'dataset_consumes_1_never_scheduled', 'consume_1_or_2_with_dataset_expressions', 'dataset_consumes_unknown_never_scheduled' retrieved from /home/airflow/.local/lib/python3.12/site-packages/airflow/example_dags/example_datasets.py
[2024-07-24T23:45:40.013+0000] {logging_mixin.py:188} INFO - [2024-07-24T23:45:40.013+0000] {dag.py:3089} INFO - Sync 10 DAGs
[2024-07-24T23:45:40.059+0000] {logging_mixin.py:188} INFO - [2024-07-24T23:45:40.059+0000] {dag.py:3947} INFO - Setting next_dagrun for conditional_dataset_and_time_based_timetable to 2024-07-24 01:00:00+00:00, run_after=2024-07-24 01:00:00+00:00
[2024-07-24T23:45:40.065+0000] {logging_mixin.py:188} INFO - [2024-07-24T23:45:40.064+0000] {dag.py:3947} INFO - Setting next_dagrun for consume_1_and_2_with_dataset_expressions to None, run_after=None
[2024-07-24T23:45:40.067+0000] {logging_mixin.py:188} INFO - [2024-07-24T23:45:40.067+0000] {dag.py:3947} INFO - Setting next_dagrun for consume_1_or_2_with_dataset_expressions to None, run_after=None
[2024-07-24T23:45:40.069+0000] {logging_mixin.py:188} INFO - [2024-07-24T23:45:40.069+0000] {dag.py:3947} INFO - Setting next_dagrun for consume_1_or_both_2_and_3_with_dataset_expressions to None, run_after=None
[2024-07-24T23:45:40.071+0000] {logging_mixin.py:188} INFO - [2024-07-24T23:45:40.071+0000] {dag.py:3947} INFO - Setting next_dagrun for dataset_consumes_1 to None, run_after=None
[2024-07-24T23:45:40.075+0000] {logging_mixin.py:188} INFO - [2024-07-24T23:45:40.074+0000] {dag.py:3947} INFO - Setting next_dagrun for dataset_consumes_1_and_2 to None, run_after=None
[2024-07-24T23:45:40.077+0000] {logging_mixin.py:188} INFO - [2024-07-24T23:45:40.077+0000] {dag.py:3947} INFO - Setting next_dagrun for dataset_consumes_1_never_scheduled to None, run_after=None
[2024-07-24T23:45:40.079+0000] {logging_mixin.py:188} INFO - [2024-07-24T23:45:40.079+0000] {dag.py:3947} INFO - Setting next_dagrun for dataset_consumes_unknown_never_scheduled to None, run_after=None
[2024-07-24T23:45:40.082+0000] {logging_mixin.py:188} INFO - [2024-07-24T23:45:40.082+0000] {dag.py:3947} INFO - Setting next_dagrun for dataset_produces_1 to 2024-07-23 00:00:00+00:00, run_after=2024-07-24 00:00:00+00:00
[2024-07-24T23:45:40.085+0000] {logging_mixin.py:188} INFO - [2024-07-24T23:45:40.084+0000] {dag.py:3947} INFO - Setting next_dagrun for dataset_produces_2 to None, run_after=None
[2024-07-24T23:45:40.140+0000] {processor.py:183} INFO - Processing /home/airflow/.local/lib/python3.12/site-packages/airflow/example_dags/example_datasets.py took 0.245 seconds
[2024-07-24T23:46:10.926+0000] {processor.py:161} INFO - Started process (PID=1056) to work on /home/airflow/.local/lib/python3.12/site-packages/airflow/example_dags/example_datasets.py
[2024-07-24T23:46:10.928+0000] {processor.py:830} INFO - Processing file /home/airflow/.local/lib/python3.12/site-packages/airflow/example_dags/example_datasets.py for tasks to queue
[2024-07-24T23:46:10.932+0000] {logging_mixin.py:188} INFO - [2024-07-24T23:46:10.931+0000] {dagbag.py:545} INFO - Filling up the DagBag from /home/airflow/.local/lib/python3.12/site-packages/airflow/example_dags/example_datasets.py
[2024-07-24T23:46:10.954+0000] {processor.py:840} INFO - DAG(s) 'dataset_consumes_unknown_never_scheduled', 'dataset_consumes_1', 'conditional_dataset_and_time_based_timetable', 'dataset_consumes_1_and_2', 'consume_1_or_both_2_and_3_with_dataset_expressions', 'consume_1_or_2_with_dataset_expressions', 'dataset_produces_1', 'dataset_consumes_1_never_scheduled', 'dataset_produces_2', 'consume_1_and_2_with_dataset_expressions' retrieved from /home/airflow/.local/lib/python3.12/site-packages/airflow/example_dags/example_datasets.py
[2024-07-24T23:46:11.044+0000] {logging_mixin.py:188} INFO - [2024-07-24T23:46:11.043+0000] {dag.py:3089} INFO - Sync 10 DAGs
[2024-07-24T23:46:11.090+0000] {logging_mixin.py:188} INFO - [2024-07-24T23:46:11.089+0000] {dag.py:3947} INFO - Setting next_dagrun for conditional_dataset_and_time_based_timetable to 2024-07-24 01:00:00+00:00, run_after=2024-07-24 01:00:00+00:00
[2024-07-24T23:46:11.097+0000] {logging_mixin.py:188} INFO - [2024-07-24T23:46:11.097+0000] {dag.py:3947} INFO - Setting next_dagrun for consume_1_and_2_with_dataset_expressions to None, run_after=None
[2024-07-24T23:46:11.100+0000] {logging_mixin.py:188} INFO - [2024-07-24T23:46:11.100+0000] {dag.py:3947} INFO - Setting next_dagrun for consume_1_or_2_with_dataset_expressions to None, run_after=None
[2024-07-24T23:46:11.102+0000] {logging_mixin.py:188} INFO - [2024-07-24T23:46:11.102+0000] {dag.py:3947} INFO - Setting next_dagrun for consume_1_or_both_2_and_3_with_dataset_expressions to None, run_after=None
[2024-07-24T23:46:11.105+0000] {logging_mixin.py:188} INFO - [2024-07-24T23:46:11.105+0000] {dag.py:3947} INFO - Setting next_dagrun for dataset_consumes_1 to None, run_after=None
[2024-07-24T23:46:11.109+0000] {logging_mixin.py:188} INFO - [2024-07-24T23:46:11.109+0000] {dag.py:3947} INFO - Setting next_dagrun for dataset_consumes_1_and_2 to None, run_after=None
[2024-07-24T23:46:11.112+0000] {logging_mixin.py:188} INFO - [2024-07-24T23:46:11.111+0000] {dag.py:3947} INFO - Setting next_dagrun for dataset_consumes_1_never_scheduled to None, run_after=None
[2024-07-24T23:46:11.114+0000] {logging_mixin.py:188} INFO - [2024-07-24T23:46:11.114+0000] {dag.py:3947} INFO - Setting next_dagrun for dataset_consumes_unknown_never_scheduled to None, run_after=None
[2024-07-24T23:46:11.118+0000] {logging_mixin.py:188} INFO - [2024-07-24T23:46:11.118+0000] {dag.py:3947} INFO - Setting next_dagrun for dataset_produces_1 to 2024-07-23 00:00:00+00:00, run_after=2024-07-24 00:00:00+00:00
[2024-07-24T23:46:11.122+0000] {logging_mixin.py:188} INFO - [2024-07-24T23:46:11.122+0000] {dag.py:3947} INFO - Setting next_dagrun for dataset_produces_2 to None, run_after=None
[2024-07-24T23:46:11.231+0000] {processor.py:183} INFO - Processing /home/airflow/.local/lib/python3.12/site-packages/airflow/example_dags/example_datasets.py took 0.317 seconds
[2024-07-24T23:46:42.161+0000] {processor.py:161} INFO - Started process (PID=1318) to work on /home/airflow/.local/lib/python3.12/site-packages/airflow/example_dags/example_datasets.py
[2024-07-24T23:46:42.162+0000] {processor.py:830} INFO - Processing file /home/airflow/.local/lib/python3.12/site-packages/airflow/example_dags/example_datasets.py for tasks to queue
[2024-07-24T23:46:42.164+0000] {logging_mixin.py:188} INFO - [2024-07-24T23:46:42.163+0000] {dagbag.py:545} INFO - Filling up the DagBag from /home/airflow/.local/lib/python3.12/site-packages/airflow/example_dags/example_datasets.py
[2024-07-24T23:46:42.177+0000] {processor.py:840} INFO - DAG(s) 'dataset_produces_2', 'consume_1_and_2_with_dataset_expressions', 'dataset_consumes_unknown_never_scheduled', 'dataset_consumes_1_and_2', 'dataset_consumes_1_never_scheduled', 'dataset_produces_1', 'dataset_consumes_1', 'consume_1_or_2_with_dataset_expressions', 'conditional_dataset_and_time_based_timetable', 'consume_1_or_both_2_and_3_with_dataset_expressions' retrieved from /home/airflow/.local/lib/python3.12/site-packages/airflow/example_dags/example_datasets.py
[2024-07-24T23:46:42.228+0000] {logging_mixin.py:188} INFO - [2024-07-24T23:46:42.227+0000] {dag.py:3089} INFO - Sync 10 DAGs
[2024-07-24T23:46:42.255+0000] {logging_mixin.py:188} INFO - [2024-07-24T23:46:42.255+0000] {dag.py:3947} INFO - Setting next_dagrun for conditional_dataset_and_time_based_timetable to 2024-07-24 01:00:00+00:00, run_after=2024-07-24 01:00:00+00:00
[2024-07-24T23:46:42.261+0000] {logging_mixin.py:188} INFO - [2024-07-24T23:46:42.260+0000] {dag.py:3947} INFO - Setting next_dagrun for consume_1_and_2_with_dataset_expressions to None, run_after=None
[2024-07-24T23:46:42.263+0000] {logging_mixin.py:188} INFO - [2024-07-24T23:46:42.263+0000] {dag.py:3947} INFO - Setting next_dagrun for consume_1_or_2_with_dataset_expressions to None, run_after=None
[2024-07-24T23:46:42.265+0000] {logging_mixin.py:188} INFO - [2024-07-24T23:46:42.265+0000] {dag.py:3947} INFO - Setting next_dagrun for consume_1_or_both_2_and_3_with_dataset_expressions to None, run_after=None
[2024-07-24T23:46:42.267+0000] {logging_mixin.py:188} INFO - [2024-07-24T23:46:42.267+0000] {dag.py:3947} INFO - Setting next_dagrun for dataset_consumes_1 to None, run_after=None
[2024-07-24T23:46:42.270+0000] {logging_mixin.py:188} INFO - [2024-07-24T23:46:42.270+0000] {dag.py:3947} INFO - Setting next_dagrun for dataset_consumes_1_and_2 to None, run_after=None
[2024-07-24T23:46:42.272+0000] {logging_mixin.py:188} INFO - [2024-07-24T23:46:42.272+0000] {dag.py:3947} INFO - Setting next_dagrun for dataset_consumes_1_never_scheduled to None, run_after=None
[2024-07-24T23:46:42.274+0000] {logging_mixin.py:188} INFO - [2024-07-24T23:46:42.274+0000] {dag.py:3947} INFO - Setting next_dagrun for dataset_consumes_unknown_never_scheduled to None, run_after=None
[2024-07-24T23:46:42.278+0000] {logging_mixin.py:188} INFO - [2024-07-24T23:46:42.278+0000] {dag.py:3947} INFO - Setting next_dagrun for dataset_produces_1 to 2024-07-23 00:00:00+00:00, run_after=2024-07-24 00:00:00+00:00
[2024-07-24T23:46:42.281+0000] {logging_mixin.py:188} INFO - [2024-07-24T23:46:42.280+0000] {dag.py:3947} INFO - Setting next_dagrun for dataset_produces_2 to None, run_after=None
[2024-07-24T23:46:42.323+0000] {processor.py:183} INFO - Processing /home/airflow/.local/lib/python3.12/site-packages/airflow/example_dags/example_datasets.py took 0.169 seconds
[2024-07-24T23:47:12.495+0000] {processor.py:161} INFO - Started process (PID=1580) to work on /home/airflow/.local/lib/python3.12/site-packages/airflow/example_dags/example_datasets.py
[2024-07-24T23:47:12.497+0000] {processor.py:830} INFO - Processing file /home/airflow/.local/lib/python3.12/site-packages/airflow/example_dags/example_datasets.py for tasks to queue
[2024-07-24T23:47:12.500+0000] {logging_mixin.py:188} INFO - [2024-07-24T23:47:12.499+0000] {dagbag.py:545} INFO - Filling up the DagBag from /home/airflow/.local/lib/python3.12/site-packages/airflow/example_dags/example_datasets.py
[2024-07-24T23:47:12.523+0000] {processor.py:840} INFO - DAG(s) 'consume_1_or_both_2_and_3_with_dataset_expressions', 'dataset_consumes_1_and_2', 'consume_1_or_2_with_dataset_expressions', 'dataset_consumes_1_never_scheduled', 'dataset_produces_1', 'conditional_dataset_and_time_based_timetable', 'dataset_consumes_unknown_never_scheduled', 'consume_1_and_2_with_dataset_expressions', 'dataset_produces_2', 'dataset_consumes_1' retrieved from /home/airflow/.local/lib/python3.12/site-packages/airflow/example_dags/example_datasets.py
[2024-07-24T23:47:12.611+0000] {logging_mixin.py:188} INFO - [2024-07-24T23:47:12.610+0000] {dag.py:3089} INFO - Sync 10 DAGs
[2024-07-24T23:47:12.656+0000] {logging_mixin.py:188} INFO - [2024-07-24T23:47:12.656+0000] {dag.py:3947} INFO - Setting next_dagrun for conditional_dataset_and_time_based_timetable to 2024-07-24 01:00:00+00:00, run_after=2024-07-24 01:00:00+00:00
[2024-07-24T23:47:12.664+0000] {logging_mixin.py:188} INFO - [2024-07-24T23:47:12.663+0000] {dag.py:3947} INFO - Setting next_dagrun for consume_1_and_2_with_dataset_expressions to None, run_after=None
[2024-07-24T23:47:12.667+0000] {logging_mixin.py:188} INFO - [2024-07-24T23:47:12.667+0000] {dag.py:3947} INFO - Setting next_dagrun for consume_1_or_2_with_dataset_expressions to None, run_after=None
[2024-07-24T23:47:12.670+0000] {logging_mixin.py:188} INFO - [2024-07-24T23:47:12.670+0000] {dag.py:3947} INFO - Setting next_dagrun for consume_1_or_both_2_and_3_with_dataset_expressions to None, run_after=None
[2024-07-24T23:47:12.674+0000] {logging_mixin.py:188} INFO - [2024-07-24T23:47:12.673+0000] {dag.py:3947} INFO - Setting next_dagrun for dataset_consumes_1 to None, run_after=None
[2024-07-24T23:47:12.679+0000] {logging_mixin.py:188} INFO - [2024-07-24T23:47:12.678+0000] {dag.py:3947} INFO - Setting next_dagrun for dataset_consumes_1_and_2 to None, run_after=None
[2024-07-24T23:47:12.682+0000] {logging_mixin.py:188} INFO - [2024-07-24T23:47:12.682+0000] {dag.py:3947} INFO - Setting next_dagrun for dataset_consumes_1_never_scheduled to None, run_after=None
[2024-07-24T23:47:12.685+0000] {logging_mixin.py:188} INFO - [2024-07-24T23:47:12.684+0000] {dag.py:3947} INFO - Setting next_dagrun for dataset_consumes_unknown_never_scheduled to None, run_after=None
[2024-07-24T23:47:12.688+0000] {logging_mixin.py:188} INFO - [2024-07-24T23:47:12.688+0000] {dag.py:3947} INFO - Setting next_dagrun for dataset_produces_1 to 2024-07-23 00:00:00+00:00, run_after=2024-07-24 00:00:00+00:00
[2024-07-24T23:47:12.690+0000] {logging_mixin.py:188} INFO - [2024-07-24T23:47:12.689+0000] {dag.py:3947} INFO - Setting next_dagrun for dataset_produces_2 to None, run_after=None
[2024-07-24T23:47:12.729+0000] {processor.py:183} INFO - Processing /home/airflow/.local/lib/python3.12/site-packages/airflow/example_dags/example_datasets.py took 0.241 seconds
