[2024-07-24T23:44:37.857+0000] {processor.py:161} INFO - Started process (PID=274) to work on /home/airflow/.local/lib/python3.12/site-packages/airflow/example_dags/example_complex.py
[2024-07-24T23:44:37.860+0000] {processor.py:830} INFO - Processing file /home/airflow/.local/lib/python3.12/site-packages/airflow/example_dags/example_complex.py for tasks to queue
[2024-07-24T23:44:37.870+0000] {logging_mixin.py:188} INFO - [2024-07-24T23:44:37.868+0000] {dagbag.py:545} INFO - Filling up the DagBag from /home/airflow/.local/lib/python3.12/site-packages/airflow/example_dags/example_complex.py
[2024-07-24T23:44:37.915+0000] {processor.py:840} INFO - DAG(s) 'example_complex' retrieved from /home/airflow/.local/lib/python3.12/site-packages/airflow/example_dags/example_complex.py
[2024-07-24T23:44:38.241+0000] {logging_mixin.py:188} INFO - [2024-07-24T23:44:38.240+0000] {dag.py:3089} INFO - Sync 1 DAGs
[2024-07-24T23:44:38.272+0000] {logging_mixin.py:188} INFO - [2024-07-24T23:44:38.271+0000] {dag.py:3947} INFO - Setting next_dagrun for example_complex to None, run_after=None
[2024-07-24T23:44:38.369+0000] {processor.py:183} INFO - Processing /home/airflow/.local/lib/python3.12/site-packages/airflow/example_dags/example_complex.py took 0.533 seconds
[2024-07-24T23:45:08.825+0000] {processor.py:161} INFO - Started process (PID=536) to work on /home/airflow/.local/lib/python3.12/site-packages/airflow/example_dags/example_complex.py
[2024-07-24T23:45:08.827+0000] {processor.py:830} INFO - Processing file /home/airflow/.local/lib/python3.12/site-packages/airflow/example_dags/example_complex.py for tasks to queue
[2024-07-24T23:45:08.830+0000] {logging_mixin.py:188} INFO - [2024-07-24T23:45:08.829+0000] {dagbag.py:545} INFO - Filling up the DagBag from /home/airflow/.local/lib/python3.12/site-packages/airflow/example_dags/example_complex.py
[2024-07-24T23:45:08.844+0000] {processor.py:840} INFO - DAG(s) 'example_complex' retrieved from /home/airflow/.local/lib/python3.12/site-packages/airflow/example_dags/example_complex.py
[2024-07-24T23:45:08.886+0000] {logging_mixin.py:188} INFO - [2024-07-24T23:45:08.886+0000] {dag.py:3089} INFO - Sync 1 DAGs
[2024-07-24T23:45:08.904+0000] {logging_mixin.py:188} INFO - [2024-07-24T23:45:08.904+0000] {dag.py:3947} INFO - Setting next_dagrun for example_complex to None, run_after=None
[2024-07-24T23:45:08.936+0000] {processor.py:183} INFO - Processing /home/airflow/.local/lib/python3.12/site-packages/airflow/example_dags/example_complex.py took 0.118 seconds
[2024-07-24T23:45:40.210+0000] {processor.py:161} INFO - Started process (PID=799) to work on /home/airflow/.local/lib/python3.12/site-packages/airflow/example_dags/example_complex.py
[2024-07-24T23:45:40.216+0000] {processor.py:830} INFO - Processing file /home/airflow/.local/lib/python3.12/site-packages/airflow/example_dags/example_complex.py for tasks to queue
[2024-07-24T23:45:40.221+0000] {logging_mixin.py:188} INFO - [2024-07-24T23:45:40.220+0000] {dagbag.py:545} INFO - Filling up the DagBag from /home/airflow/.local/lib/python3.12/site-packages/airflow/example_dags/example_complex.py
[2024-07-24T23:45:40.246+0000] {processor.py:840} INFO - DAG(s) 'example_complex' retrieved from /home/airflow/.local/lib/python3.12/site-packages/airflow/example_dags/example_complex.py
[2024-07-24T23:45:40.329+0000] {logging_mixin.py:188} INFO - [2024-07-24T23:45:40.328+0000] {dag.py:3089} INFO - Sync 1 DAGs
[2024-07-24T23:45:40.361+0000] {logging_mixin.py:188} INFO - [2024-07-24T23:45:40.360+0000] {dag.py:3947} INFO - Setting next_dagrun for example_complex to None, run_after=None
[2024-07-24T23:45:40.397+0000] {processor.py:183} INFO - Processing /home/airflow/.local/lib/python3.12/site-packages/airflow/example_dags/example_complex.py took 0.201 seconds
[2024-07-24T23:46:11.328+0000] {processor.py:161} INFO - Started process (PID=1061) to work on /home/airflow/.local/lib/python3.12/site-packages/airflow/example_dags/example_complex.py
[2024-07-24T23:46:11.330+0000] {processor.py:830} INFO - Processing file /home/airflow/.local/lib/python3.12/site-packages/airflow/example_dags/example_complex.py for tasks to queue
[2024-07-24T23:46:11.333+0000] {logging_mixin.py:188} INFO - [2024-07-24T23:46:11.333+0000] {dagbag.py:545} INFO - Filling up the DagBag from /home/airflow/.local/lib/python3.12/site-packages/airflow/example_dags/example_complex.py
[2024-07-24T23:46:11.358+0000] {processor.py:840} INFO - DAG(s) 'example_complex' retrieved from /home/airflow/.local/lib/python3.12/site-packages/airflow/example_dags/example_complex.py
[2024-07-24T23:46:11.442+0000] {logging_mixin.py:188} INFO - [2024-07-24T23:46:11.441+0000] {dag.py:3089} INFO - Sync 1 DAGs
[2024-07-24T23:46:11.491+0000] {logging_mixin.py:188} INFO - [2024-07-24T23:46:11.491+0000] {dag.py:3947} INFO - Setting next_dagrun for example_complex to None, run_after=None
[2024-07-24T23:46:11.548+0000] {processor.py:183} INFO - Processing /home/airflow/.local/lib/python3.12/site-packages/airflow/example_dags/example_complex.py took 0.231 seconds
[2024-07-24T23:46:42.366+0000] {processor.py:161} INFO - Started process (PID=1323) to work on /home/airflow/.local/lib/python3.12/site-packages/airflow/example_dags/example_complex.py
[2024-07-24T23:46:42.367+0000] {processor.py:830} INFO - Processing file /home/airflow/.local/lib/python3.12/site-packages/airflow/example_dags/example_complex.py for tasks to queue
[2024-07-24T23:46:42.371+0000] {logging_mixin.py:188} INFO - [2024-07-24T23:46:42.370+0000] {dagbag.py:545} INFO - Filling up the DagBag from /home/airflow/.local/lib/python3.12/site-packages/airflow/example_dags/example_complex.py
[2024-07-24T23:46:42.382+0000] {processor.py:840} INFO - DAG(s) 'example_complex' retrieved from /home/airflow/.local/lib/python3.12/site-packages/airflow/example_dags/example_complex.py
[2024-07-24T23:46:42.421+0000] {logging_mixin.py:188} INFO - [2024-07-24T23:46:42.421+0000] {dag.py:3089} INFO - Sync 1 DAGs
[2024-07-24T23:46:42.437+0000] {logging_mixin.py:188} INFO - [2024-07-24T23:46:42.437+0000] {dag.py:3947} INFO - Setting next_dagrun for example_complex to None, run_after=None
[2024-07-24T23:46:42.465+0000] {processor.py:183} INFO - Processing /home/airflow/.local/lib/python3.12/site-packages/airflow/example_dags/example_complex.py took 0.105 seconds
[2024-07-24T23:47:12.766+0000] {processor.py:161} INFO - Started process (PID=1585) to work on /home/airflow/.local/lib/python3.12/site-packages/airflow/example_dags/example_complex.py
[2024-07-24T23:47:12.767+0000] {processor.py:830} INFO - Processing file /home/airflow/.local/lib/python3.12/site-packages/airflow/example_dags/example_complex.py for tasks to queue
[2024-07-24T23:47:12.769+0000] {logging_mixin.py:188} INFO - [2024-07-24T23:47:12.769+0000] {dagbag.py:545} INFO - Filling up the DagBag from /home/airflow/.local/lib/python3.12/site-packages/airflow/example_dags/example_complex.py
[2024-07-24T23:47:12.781+0000] {processor.py:840} INFO - DAG(s) 'example_complex' retrieved from /home/airflow/.local/lib/python3.12/site-packages/airflow/example_dags/example_complex.py
[2024-07-24T23:47:12.852+0000] {logging_mixin.py:188} INFO - [2024-07-24T23:47:12.851+0000] {dag.py:3089} INFO - Sync 1 DAGs
[2024-07-24T23:47:12.883+0000] {logging_mixin.py:188} INFO - [2024-07-24T23:47:12.882+0000] {dag.py:3947} INFO - Setting next_dagrun for example_complex to None, run_after=None
[2024-07-24T23:47:12.921+0000] {processor.py:183} INFO - Processing /home/airflow/.local/lib/python3.12/site-packages/airflow/example_dags/example_complex.py took 0.161 seconds
