[2024-07-24T23:44:43.470+0000] {processor.py:161} INFO - Started process (PID=379) to work on /home/airflow/.local/lib/python3.12/site-packages/airflow/example_dags/example_branch_python_dop_operator_3.py
[2024-07-24T23:44:43.472+0000] {processor.py:830} INFO - Processing file /home/airflow/.local/lib/python3.12/site-packages/airflow/example_dags/example_branch_python_dop_operator_3.py for tasks to queue
[2024-07-24T23:44:43.476+0000] {logging_mixin.py:188} INFO - [2024-07-24T23:44:43.475+0000] {dagbag.py:545} INFO - Filling up the DagBag from /home/airflow/.local/lib/python3.12/site-packages/airflow/example_dags/example_branch_python_dop_operator_3.py
[2024-07-24T23:44:43.493+0000] {processor.py:840} INFO - DAG(s) 'example_branch_dop_operator_v3' retrieved from /home/airflow/.local/lib/python3.12/site-packages/airflow/example_dags/example_branch_python_dop_operator_3.py
[2024-07-24T23:44:43.637+0000] {logging_mixin.py:188} INFO - [2024-07-24T23:44:43.637+0000] {dag.py:3089} INFO - Sync 1 DAGs
[2024-07-24T23:44:43.671+0000] {logging_mixin.py:188} INFO - [2024-07-24T23:44:43.670+0000] {dag.py:3947} INFO - Setting next_dagrun for example_branch_dop_operator_v3 to 2024-07-24 23:43:00+00:00, run_after=2024-07-24 23:44:00+00:00
[2024-07-24T23:44:43.696+0000] {processor.py:183} INFO - Processing /home/airflow/.local/lib/python3.12/site-packages/airflow/example_dags/example_branch_python_dop_operator_3.py took 0.235 seconds
[2024-07-24T23:45:13.954+0000] {processor.py:161} INFO - Started process (PID=641) to work on /home/airflow/.local/lib/python3.12/site-packages/airflow/example_dags/example_branch_python_dop_operator_3.py
[2024-07-24T23:45:13.956+0000] {processor.py:830} INFO - Processing file /home/airflow/.local/lib/python3.12/site-packages/airflow/example_dags/example_branch_python_dop_operator_3.py for tasks to queue
[2024-07-24T23:45:13.958+0000] {logging_mixin.py:188} INFO - [2024-07-24T23:45:13.957+0000] {dagbag.py:545} INFO - Filling up the DagBag from /home/airflow/.local/lib/python3.12/site-packages/airflow/example_dags/example_branch_python_dop_operator_3.py
[2024-07-24T23:45:13.966+0000] {processor.py:840} INFO - DAG(s) 'example_branch_dop_operator_v3' retrieved from /home/airflow/.local/lib/python3.12/site-packages/airflow/example_dags/example_branch_python_dop_operator_3.py
[2024-07-24T23:45:13.988+0000] {logging_mixin.py:188} INFO - [2024-07-24T23:45:13.988+0000] {dag.py:3089} INFO - Sync 1 DAGs
[2024-07-24T23:45:14.016+0000] {logging_mixin.py:188} INFO - [2024-07-24T23:45:14.016+0000] {dag.py:3947} INFO - Setting next_dagrun for example_branch_dop_operator_v3 to 2024-07-24 23:44:00+00:00, run_after=2024-07-24 23:45:00+00:00
[2024-07-24T23:45:14.044+0000] {processor.py:183} INFO - Processing /home/airflow/.local/lib/python3.12/site-packages/airflow/example_dags/example_branch_python_dop_operator_3.py took 0.095 seconds
[2024-07-24T23:45:45.621+0000] {processor.py:161} INFO - Started process (PID=904) to work on /home/airflow/.local/lib/python3.12/site-packages/airflow/example_dags/example_branch_python_dop_operator_3.py
[2024-07-24T23:45:45.637+0000] {processor.py:830} INFO - Processing file /home/airflow/.local/lib/python3.12/site-packages/airflow/example_dags/example_branch_python_dop_operator_3.py for tasks to queue
[2024-07-24T23:45:45.645+0000] {logging_mixin.py:188} INFO - [2024-07-24T23:45:45.644+0000] {dagbag.py:545} INFO - Filling up the DagBag from /home/airflow/.local/lib/python3.12/site-packages/airflow/example_dags/example_branch_python_dop_operator_3.py
[2024-07-24T23:45:45.668+0000] {processor.py:840} INFO - DAG(s) 'example_branch_dop_operator_v3' retrieved from /home/airflow/.local/lib/python3.12/site-packages/airflow/example_dags/example_branch_python_dop_operator_3.py
[2024-07-24T23:45:45.743+0000] {logging_mixin.py:188} INFO - [2024-07-24T23:45:45.743+0000] {dag.py:3089} INFO - Sync 1 DAGs
[2024-07-24T23:45:45.798+0000] {logging_mixin.py:188} INFO - [2024-07-24T23:45:45.798+0000] {dag.py:3947} INFO - Setting next_dagrun for example_branch_dop_operator_v3 to 2024-07-24 23:44:00+00:00, run_after=2024-07-24 23:45:00+00:00
[2024-07-24T23:45:45.862+0000] {processor.py:183} INFO - Processing /home/airflow/.local/lib/python3.12/site-packages/airflow/example_dags/example_branch_python_dop_operator_3.py took 0.260 seconds
[2024-07-24T23:46:16.503+0000] {processor.py:161} INFO - Started process (PID=1168) to work on /home/airflow/.local/lib/python3.12/site-packages/airflow/example_dags/example_branch_python_dop_operator_3.py
[2024-07-24T23:46:16.505+0000] {processor.py:830} INFO - Processing file /home/airflow/.local/lib/python3.12/site-packages/airflow/example_dags/example_branch_python_dop_operator_3.py for tasks to queue
[2024-07-24T23:46:16.507+0000] {logging_mixin.py:188} INFO - [2024-07-24T23:46:16.506+0000] {dagbag.py:545} INFO - Filling up the DagBag from /home/airflow/.local/lib/python3.12/site-packages/airflow/example_dags/example_branch_python_dop_operator_3.py
[2024-07-24T23:46:16.514+0000] {processor.py:840} INFO - DAG(s) 'example_branch_dop_operator_v3' retrieved from /home/airflow/.local/lib/python3.12/site-packages/airflow/example_dags/example_branch_python_dop_operator_3.py
[2024-07-24T23:46:16.535+0000] {logging_mixin.py:188} INFO - [2024-07-24T23:46:16.535+0000] {dag.py:3089} INFO - Sync 1 DAGs
[2024-07-24T23:46:16.560+0000] {logging_mixin.py:188} INFO - [2024-07-24T23:46:16.560+0000] {dag.py:3947} INFO - Setting next_dagrun for example_branch_dop_operator_v3 to 2024-07-24 23:45:00+00:00, run_after=2024-07-24 23:46:00+00:00
[2024-07-24T23:46:16.589+0000] {processor.py:183} INFO - Processing /home/airflow/.local/lib/python3.12/site-packages/airflow/example_dags/example_branch_python_dop_operator_3.py took 0.091 seconds
[2024-07-24T23:46:46.948+0000] {processor.py:161} INFO - Started process (PID=1430) to work on /home/airflow/.local/lib/python3.12/site-packages/airflow/example_dags/example_branch_python_dop_operator_3.py
[2024-07-24T23:46:46.950+0000] {processor.py:830} INFO - Processing file /home/airflow/.local/lib/python3.12/site-packages/airflow/example_dags/example_branch_python_dop_operator_3.py for tasks to queue
[2024-07-24T23:46:46.952+0000] {logging_mixin.py:188} INFO - [2024-07-24T23:46:46.952+0000] {dagbag.py:545} INFO - Filling up the DagBag from /home/airflow/.local/lib/python3.12/site-packages/airflow/example_dags/example_branch_python_dop_operator_3.py
[2024-07-24T23:46:46.964+0000] {processor.py:840} INFO - DAG(s) 'example_branch_dop_operator_v3' retrieved from /home/airflow/.local/lib/python3.12/site-packages/airflow/example_dags/example_branch_python_dop_operator_3.py
[2024-07-24T23:46:46.989+0000] {logging_mixin.py:188} INFO - [2024-07-24T23:46:46.989+0000] {dag.py:3089} INFO - Sync 1 DAGs
[2024-07-24T23:46:47.026+0000] {logging_mixin.py:188} INFO - [2024-07-24T23:46:47.026+0000] {dag.py:3947} INFO - Setting next_dagrun for example_branch_dop_operator_v3 to 2024-07-24 23:45:00+00:00, run_after=2024-07-24 23:46:00+00:00
[2024-07-24T23:46:47.055+0000] {processor.py:183} INFO - Processing /home/airflow/.local/lib/python3.12/site-packages/airflow/example_dags/example_branch_python_dop_operator_3.py took 0.115 seconds
[2024-07-24T23:47:17.185+0000] {processor.py:161} INFO - Started process (PID=1692) to work on /home/airflow/.local/lib/python3.12/site-packages/airflow/example_dags/example_branch_python_dop_operator_3.py
[2024-07-24T23:47:17.188+0000] {processor.py:830} INFO - Processing file /home/airflow/.local/lib/python3.12/site-packages/airflow/example_dags/example_branch_python_dop_operator_3.py for tasks to queue
[2024-07-24T23:47:17.191+0000] {logging_mixin.py:188} INFO - [2024-07-24T23:47:17.190+0000] {dagbag.py:545} INFO - Filling up the DagBag from /home/airflow/.local/lib/python3.12/site-packages/airflow/example_dags/example_branch_python_dop_operator_3.py
[2024-07-24T23:47:17.206+0000] {processor.py:840} INFO - DAG(s) 'example_branch_dop_operator_v3' retrieved from /home/airflow/.local/lib/python3.12/site-packages/airflow/example_dags/example_branch_python_dop_operator_3.py
[2024-07-24T23:47:17.238+0000] {logging_mixin.py:188} INFO - [2024-07-24T23:47:17.237+0000] {dag.py:3089} INFO - Sync 1 DAGs
[2024-07-24T23:47:17.280+0000] {logging_mixin.py:188} INFO - [2024-07-24T23:47:17.279+0000] {dag.py:3947} INFO - Setting next_dagrun for example_branch_dop_operator_v3 to 2024-07-24 23:46:00+00:00, run_after=2024-07-24 23:47:00+00:00
[2024-07-24T23:47:17.304+0000] {processor.py:183} INFO - Processing /home/airflow/.local/lib/python3.12/site-packages/airflow/example_dags/example_branch_python_dop_operator_3.py took 0.126 seconds
