[2024-07-24T23:44:34.128+0000] {processor.py:161} INFO - Started process (PID=211) to work on /home/airflow/.local/lib/python3.12/site-packages/airflow/example_dags/example_short_circuit_operator.py
[2024-07-24T23:44:34.130+0000] {processor.py:830} INFO - Processing file /home/airflow/.local/lib/python3.12/site-packages/airflow/example_dags/example_short_circuit_operator.py for tasks to queue
[2024-07-24T23:44:34.133+0000] {logging_mixin.py:188} INFO - [2024-07-24T23:44:34.133+0000] {dagbag.py:545} INFO - Filling up the DagBag from /home/airflow/.local/lib/python3.12/site-packages/airflow/example_dags/example_short_circuit_operator.py
[2024-07-24T23:44:34.162+0000] {processor.py:840} INFO - DAG(s) 'example_short_circuit_operator' retrieved from /home/airflow/.local/lib/python3.12/site-packages/airflow/example_dags/example_short_circuit_operator.py
[2024-07-24T23:44:34.375+0000] {logging_mixin.py:188} INFO - [2024-07-24T23:44:34.375+0000] {dag.py:3089} INFO - Sync 1 DAGs
[2024-07-24T23:44:34.406+0000] {logging_mixin.py:188} INFO - [2024-07-24T23:44:34.406+0000] {dag.py:3947} INFO - Setting next_dagrun for example_short_circuit_operator to 2024-07-23 00:00:00+00:00, run_after=2024-07-24 00:00:00+00:00
[2024-07-24T23:44:34.441+0000] {processor.py:183} INFO - Processing /home/airflow/.local/lib/python3.12/site-packages/airflow/example_dags/example_short_circuit_operator.py took 0.326 seconds
[2024-07-24T23:45:06.886+0000] {processor.py:161} INFO - Started process (PID=473) to work on /home/airflow/.local/lib/python3.12/site-packages/airflow/example_dags/example_short_circuit_operator.py
[2024-07-24T23:45:06.889+0000] {processor.py:830} INFO - Processing file /home/airflow/.local/lib/python3.12/site-packages/airflow/example_dags/example_short_circuit_operator.py for tasks to queue
[2024-07-24T23:45:06.898+0000] {logging_mixin.py:188} INFO - [2024-07-24T23:45:06.897+0000] {dagbag.py:545} INFO - Filling up the DagBag from /home/airflow/.local/lib/python3.12/site-packages/airflow/example_dags/example_short_circuit_operator.py
[2024-07-24T23:45:06.917+0000] {processor.py:840} INFO - DAG(s) 'example_short_circuit_operator' retrieved from /home/airflow/.local/lib/python3.12/site-packages/airflow/example_dags/example_short_circuit_operator.py
[2024-07-24T23:45:06.973+0000] {logging_mixin.py:188} INFO - [2024-07-24T23:45:06.972+0000] {dag.py:3089} INFO - Sync 1 DAGs
[2024-07-24T23:45:07.032+0000] {logging_mixin.py:188} INFO - [2024-07-24T23:45:07.031+0000] {dag.py:3947} INFO - Setting next_dagrun for example_short_circuit_operator to 2024-07-23 00:00:00+00:00, run_after=2024-07-24 00:00:00+00:00
[2024-07-24T23:45:07.074+0000] {processor.py:183} INFO - Processing /home/airflow/.local/lib/python3.12/site-packages/airflow/example_dags/example_short_circuit_operator.py took 0.204 seconds
[2024-07-24T23:45:37.756+0000] {processor.py:161} INFO - Started process (PID=734) to work on /home/airflow/.local/lib/python3.12/site-packages/airflow/example_dags/example_short_circuit_operator.py
[2024-07-24T23:45:37.759+0000] {processor.py:830} INFO - Processing file /home/airflow/.local/lib/python3.12/site-packages/airflow/example_dags/example_short_circuit_operator.py for tasks to queue
[2024-07-24T23:45:37.763+0000] {logging_mixin.py:188} INFO - [2024-07-24T23:45:37.762+0000] {dagbag.py:545} INFO - Filling up the DagBag from /home/airflow/.local/lib/python3.12/site-packages/airflow/example_dags/example_short_circuit_operator.py
[2024-07-24T23:45:37.774+0000] {processor.py:840} INFO - DAG(s) 'example_short_circuit_operator' retrieved from /home/airflow/.local/lib/python3.12/site-packages/airflow/example_dags/example_short_circuit_operator.py
[2024-07-24T23:45:37.812+0000] {logging_mixin.py:188} INFO - [2024-07-24T23:45:37.811+0000] {dag.py:3089} INFO - Sync 1 DAGs
[2024-07-24T23:45:37.852+0000] {logging_mixin.py:188} INFO - [2024-07-24T23:45:37.850+0000] {dag.py:3947} INFO - Setting next_dagrun for example_short_circuit_operator to 2024-07-23 00:00:00+00:00, run_after=2024-07-24 00:00:00+00:00
[2024-07-24T23:45:37.939+0000] {processor.py:183} INFO - Processing /home/airflow/.local/lib/python3.12/site-packages/airflow/example_dags/example_short_circuit_operator.py took 0.196 seconds
[2024-07-24T23:46:08.051+0000] {processor.py:161} INFO - Started process (PID=998) to work on /home/airflow/.local/lib/python3.12/site-packages/airflow/example_dags/example_short_circuit_operator.py
[2024-07-24T23:46:08.053+0000] {processor.py:830} INFO - Processing file /home/airflow/.local/lib/python3.12/site-packages/airflow/example_dags/example_short_circuit_operator.py for tasks to queue
[2024-07-24T23:46:08.056+0000] {logging_mixin.py:188} INFO - [2024-07-24T23:46:08.055+0000] {dagbag.py:545} INFO - Filling up the DagBag from /home/airflow/.local/lib/python3.12/site-packages/airflow/example_dags/example_short_circuit_operator.py
[2024-07-24T23:46:08.064+0000] {processor.py:840} INFO - DAG(s) 'example_short_circuit_operator' retrieved from /home/airflow/.local/lib/python3.12/site-packages/airflow/example_dags/example_short_circuit_operator.py
[2024-07-24T23:46:08.091+0000] {logging_mixin.py:188} INFO - [2024-07-24T23:46:08.091+0000] {dag.py:3089} INFO - Sync 1 DAGs
[2024-07-24T23:46:08.118+0000] {logging_mixin.py:188} INFO - [2024-07-24T23:46:08.117+0000] {dag.py:3947} INFO - Setting next_dagrun for example_short_circuit_operator to 2024-07-23 00:00:00+00:00, run_after=2024-07-24 00:00:00+00:00
[2024-07-24T23:46:08.142+0000] {processor.py:183} INFO - Processing /home/airflow/.local/lib/python3.12/site-packages/airflow/example_dags/example_short_circuit_operator.py took 0.098 seconds
[2024-07-24T23:46:38.404+0000] {processor.py:161} INFO - Started process (PID=1258) to work on /home/airflow/.local/lib/python3.12/site-packages/airflow/example_dags/example_short_circuit_operator.py
[2024-07-24T23:46:38.406+0000] {processor.py:830} INFO - Processing file /home/airflow/.local/lib/python3.12/site-packages/airflow/example_dags/example_short_circuit_operator.py for tasks to queue
[2024-07-24T23:46:38.411+0000] {logging_mixin.py:188} INFO - [2024-07-24T23:46:38.409+0000] {dagbag.py:545} INFO - Filling up the DagBag from /home/airflow/.local/lib/python3.12/site-packages/airflow/example_dags/example_short_circuit_operator.py
[2024-07-24T23:46:38.425+0000] {processor.py:840} INFO - DAG(s) 'example_short_circuit_operator' retrieved from /home/airflow/.local/lib/python3.12/site-packages/airflow/example_dags/example_short_circuit_operator.py
[2024-07-24T23:46:38.463+0000] {logging_mixin.py:188} INFO - [2024-07-24T23:46:38.462+0000] {dag.py:3089} INFO - Sync 1 DAGs
[2024-07-24T23:46:38.505+0000] {logging_mixin.py:188} INFO - [2024-07-24T23:46:38.504+0000] {dag.py:3947} INFO - Setting next_dagrun for example_short_circuit_operator to 2024-07-23 00:00:00+00:00, run_after=2024-07-24 00:00:00+00:00
[2024-07-24T23:46:38.534+0000] {processor.py:183} INFO - Processing /home/airflow/.local/lib/python3.12/site-packages/airflow/example_dags/example_short_circuit_operator.py took 0.143 seconds
[2024-07-24T23:47:08.604+0000] {processor.py:161} INFO - Started process (PID=1522) to work on /home/airflow/.local/lib/python3.12/site-packages/airflow/example_dags/example_short_circuit_operator.py
[2024-07-24T23:47:08.605+0000] {processor.py:830} INFO - Processing file /home/airflow/.local/lib/python3.12/site-packages/airflow/example_dags/example_short_circuit_operator.py for tasks to queue
[2024-07-24T23:47:08.607+0000] {logging_mixin.py:188} INFO - [2024-07-24T23:47:08.607+0000] {dagbag.py:545} INFO - Filling up the DagBag from /home/airflow/.local/lib/python3.12/site-packages/airflow/example_dags/example_short_circuit_operator.py
[2024-07-24T23:47:08.615+0000] {processor.py:840} INFO - DAG(s) 'example_short_circuit_operator' retrieved from /home/airflow/.local/lib/python3.12/site-packages/airflow/example_dags/example_short_circuit_operator.py
[2024-07-24T23:47:08.639+0000] {logging_mixin.py:188} INFO - [2024-07-24T23:47:08.639+0000] {dag.py:3089} INFO - Sync 1 DAGs
[2024-07-24T23:47:08.663+0000] {logging_mixin.py:188} INFO - [2024-07-24T23:47:08.662+0000] {dag.py:3947} INFO - Setting next_dagrun for example_short_circuit_operator to 2024-07-23 00:00:00+00:00, run_after=2024-07-24 00:00:00+00:00
[2024-07-24T23:47:08.684+0000] {processor.py:183} INFO - Processing /home/airflow/.local/lib/python3.12/site-packages/airflow/example_dags/example_short_circuit_operator.py took 0.087 seconds
