[2024-07-24T23:44:43.141+0000] {processor.py:161} INFO - Started process (PID=374) to work on /home/airflow/.local/lib/python3.12/site-packages/airflow/example_dags/example_task_group_decorator.py
[2024-07-24T23:44:43.142+0000] {processor.py:830} INFO - Processing file /home/airflow/.local/lib/python3.12/site-packages/airflow/example_dags/example_task_group_decorator.py for tasks to queue
[2024-07-24T23:44:43.145+0000] {logging_mixin.py:188} INFO - [2024-07-24T23:44:43.144+0000] {dagbag.py:545} INFO - Filling up the DagBag from /home/airflow/.local/lib/python3.12/site-packages/airflow/example_dags/example_task_group_decorator.py
[2024-07-24T23:44:43.169+0000] {processor.py:840} INFO - DAG(s) 'example_task_group_decorator' retrieved from /home/airflow/.local/lib/python3.12/site-packages/airflow/example_dags/example_task_group_decorator.py
[2024-07-24T23:44:43.350+0000] {logging_mixin.py:188} INFO - [2024-07-24T23:44:43.349+0000] {dag.py:3089} INFO - Sync 1 DAGs
[2024-07-24T23:44:43.384+0000] {logging_mixin.py:188} INFO - [2024-07-24T23:44:43.384+0000] {dag.py:3947} INFO - Setting next_dagrun for example_task_group_decorator to 2024-07-23 00:00:00+00:00, run_after=2024-07-24 00:00:00+00:00
[2024-07-24T23:44:43.417+0000] {processor.py:183} INFO - Processing /home/airflow/.local/lib/python3.12/site-packages/airflow/example_dags/example_task_group_decorator.py took 0.283 seconds
[2024-07-24T23:45:13.923+0000] {processor.py:161} INFO - Started process (PID=636) to work on /home/airflow/.local/lib/python3.12/site-packages/airflow/example_dags/example_task_group_decorator.py
[2024-07-24T23:45:13.925+0000] {processor.py:830} INFO - Processing file /home/airflow/.local/lib/python3.12/site-packages/airflow/example_dags/example_task_group_decorator.py for tasks to queue
[2024-07-24T23:45:13.928+0000] {logging_mixin.py:188} INFO - [2024-07-24T23:45:13.927+0000] {dagbag.py:545} INFO - Filling up the DagBag from /home/airflow/.local/lib/python3.12/site-packages/airflow/example_dags/example_task_group_decorator.py
[2024-07-24T23:45:13.943+0000] {processor.py:840} INFO - DAG(s) 'example_task_group_decorator' retrieved from /home/airflow/.local/lib/python3.12/site-packages/airflow/example_dags/example_task_group_decorator.py
[2024-07-24T23:45:13.969+0000] {logging_mixin.py:188} INFO - [2024-07-24T23:45:13.969+0000] {dag.py:3089} INFO - Sync 1 DAGs
[2024-07-24T23:45:13.993+0000] {logging_mixin.py:188} INFO - [2024-07-24T23:45:13.993+0000] {dag.py:3947} INFO - Setting next_dagrun for example_task_group_decorator to 2024-07-23 00:00:00+00:00, run_after=2024-07-24 00:00:00+00:00
[2024-07-24T23:45:14.017+0000] {processor.py:183} INFO - Processing /home/airflow/.local/lib/python3.12/site-packages/airflow/example_dags/example_task_group_decorator.py took 0.100 seconds
[2024-07-24T23:45:45.563+0000] {processor.py:161} INFO - Started process (PID=899) to work on /home/airflow/.local/lib/python3.12/site-packages/airflow/example_dags/example_task_group_decorator.py
[2024-07-24T23:45:45.566+0000] {processor.py:830} INFO - Processing file /home/airflow/.local/lib/python3.12/site-packages/airflow/example_dags/example_task_group_decorator.py for tasks to queue
[2024-07-24T23:45:45.571+0000] {logging_mixin.py:188} INFO - [2024-07-24T23:45:45.570+0000] {dagbag.py:545} INFO - Filling up the DagBag from /home/airflow/.local/lib/python3.12/site-packages/airflow/example_dags/example_task_group_decorator.py
[2024-07-24T23:45:45.636+0000] {processor.py:840} INFO - DAG(s) 'example_task_group_decorator' retrieved from /home/airflow/.local/lib/python3.12/site-packages/airflow/example_dags/example_task_group_decorator.py
[2024-07-24T23:45:45.705+0000] {logging_mixin.py:188} INFO - [2024-07-24T23:45:45.703+0000] {dag.py:3089} INFO - Sync 1 DAGs
[2024-07-24T23:45:45.787+0000] {logging_mixin.py:188} INFO - [2024-07-24T23:45:45.787+0000] {dag.py:3947} INFO - Setting next_dagrun for example_task_group_decorator to 2024-07-23 00:00:00+00:00, run_after=2024-07-24 00:00:00+00:00
[2024-07-24T23:45:45.835+0000] {processor.py:183} INFO - Processing /home/airflow/.local/lib/python3.12/site-packages/airflow/example_dags/example_task_group_decorator.py took 0.286 seconds
[2024-07-24T23:46:16.362+0000] {processor.py:161} INFO - Started process (PID=1163) to work on /home/airflow/.local/lib/python3.12/site-packages/airflow/example_dags/example_task_group_decorator.py
[2024-07-24T23:46:16.363+0000] {processor.py:830} INFO - Processing file /home/airflow/.local/lib/python3.12/site-packages/airflow/example_dags/example_task_group_decorator.py for tasks to queue
[2024-07-24T23:46:16.365+0000] {logging_mixin.py:188} INFO - [2024-07-24T23:46:16.365+0000] {dagbag.py:545} INFO - Filling up the DagBag from /home/airflow/.local/lib/python3.12/site-packages/airflow/example_dags/example_task_group_decorator.py
[2024-07-24T23:46:16.379+0000] {processor.py:840} INFO - DAG(s) 'example_task_group_decorator' retrieved from /home/airflow/.local/lib/python3.12/site-packages/airflow/example_dags/example_task_group_decorator.py
[2024-07-24T23:46:16.409+0000] {logging_mixin.py:188} INFO - [2024-07-24T23:46:16.409+0000] {dag.py:3089} INFO - Sync 1 DAGs
[2024-07-24T23:46:16.435+0000] {logging_mixin.py:188} INFO - [2024-07-24T23:46:16.435+0000] {dag.py:3947} INFO - Setting next_dagrun for example_task_group_decorator to 2024-07-23 00:00:00+00:00, run_after=2024-07-24 00:00:00+00:00
[2024-07-24T23:46:16.461+0000] {processor.py:183} INFO - Processing /home/airflow/.local/lib/python3.12/site-packages/airflow/example_dags/example_task_group_decorator.py took 0.105 seconds
[2024-07-24T23:46:46.795+0000] {processor.py:161} INFO - Started process (PID=1425) to work on /home/airflow/.local/lib/python3.12/site-packages/airflow/example_dags/example_task_group_decorator.py
[2024-07-24T23:46:46.796+0000] {processor.py:830} INFO - Processing file /home/airflow/.local/lib/python3.12/site-packages/airflow/example_dags/example_task_group_decorator.py for tasks to queue
[2024-07-24T23:46:46.798+0000] {logging_mixin.py:188} INFO - [2024-07-24T23:46:46.798+0000] {dagbag.py:545} INFO - Filling up the DagBag from /home/airflow/.local/lib/python3.12/site-packages/airflow/example_dags/example_task_group_decorator.py
[2024-07-24T23:46:46.814+0000] {processor.py:840} INFO - DAG(s) 'example_task_group_decorator' retrieved from /home/airflow/.local/lib/python3.12/site-packages/airflow/example_dags/example_task_group_decorator.py
[2024-07-24T23:46:46.845+0000] {logging_mixin.py:188} INFO - [2024-07-24T23:46:46.844+0000] {dag.py:3089} INFO - Sync 1 DAGs
[2024-07-24T23:46:46.872+0000] {logging_mixin.py:188} INFO - [2024-07-24T23:46:46.872+0000] {dag.py:3947} INFO - Setting next_dagrun for example_task_group_decorator to 2024-07-23 00:00:00+00:00, run_after=2024-07-24 00:00:00+00:00
[2024-07-24T23:46:46.895+0000] {processor.py:183} INFO - Processing /home/airflow/.local/lib/python3.12/site-packages/airflow/example_dags/example_task_group_decorator.py took 0.108 seconds
[2024-07-24T23:47:17.048+0000] {processor.py:161} INFO - Started process (PID=1687) to work on /home/airflow/.local/lib/python3.12/site-packages/airflow/example_dags/example_task_group_decorator.py
[2024-07-24T23:47:17.049+0000] {processor.py:830} INFO - Processing file /home/airflow/.local/lib/python3.12/site-packages/airflow/example_dags/example_task_group_decorator.py for tasks to queue
[2024-07-24T23:47:17.050+0000] {logging_mixin.py:188} INFO - [2024-07-24T23:47:17.050+0000] {dagbag.py:545} INFO - Filling up the DagBag from /home/airflow/.local/lib/python3.12/site-packages/airflow/example_dags/example_task_group_decorator.py
[2024-07-24T23:47:17.062+0000] {processor.py:840} INFO - DAG(s) 'example_task_group_decorator' retrieved from /home/airflow/.local/lib/python3.12/site-packages/airflow/example_dags/example_task_group_decorator.py
[2024-07-24T23:47:17.085+0000] {logging_mixin.py:188} INFO - [2024-07-24T23:47:17.085+0000] {dag.py:3089} INFO - Sync 1 DAGs
[2024-07-24T23:47:17.105+0000] {logging_mixin.py:188} INFO - [2024-07-24T23:47:17.105+0000] {dag.py:3947} INFO - Setting next_dagrun for example_task_group_decorator to 2024-07-23 00:00:00+00:00, run_after=2024-07-24 00:00:00+00:00
[2024-07-24T23:47:17.128+0000] {processor.py:183} INFO - Processing /home/airflow/.local/lib/python3.12/site-packages/airflow/example_dags/example_task_group_decorator.py took 0.086 seconds
