[2024-07-24T23:44:45.197+0000] {processor.py:161} INFO - Started process (PID=419) to work on /home/airflow/.local/lib/python3.12/site-packages/airflow/example_dags/example_external_task_marker_dag.py
[2024-07-24T23:44:45.198+0000] {processor.py:830} INFO - Processing file /home/airflow/.local/lib/python3.12/site-packages/airflow/example_dags/example_external_task_marker_dag.py for tasks to queue
[2024-07-24T23:44:45.202+0000] {logging_mixin.py:188} INFO - [2024-07-24T23:44:45.201+0000] {dagbag.py:545} INFO - Filling up the DagBag from /home/airflow/.local/lib/python3.12/site-packages/airflow/example_dags/example_external_task_marker_dag.py
[2024-07-24T23:44:45.216+0000] {processor.py:840} INFO - DAG(s) 'example_external_task_marker_parent', 'example_external_task_marker_child' retrieved from /home/airflow/.local/lib/python3.12/site-packages/airflow/example_dags/example_external_task_marker_dag.py
[2024-07-24T23:44:45.448+0000] {logging_mixin.py:188} INFO - [2024-07-24T23:44:45.447+0000] {dag.py:3089} INFO - Sync 2 DAGs
[2024-07-24T23:44:45.467+0000] {logging_mixin.py:188} INFO - [2024-07-24T23:44:45.466+0000] {dag.py:3947} INFO - Setting next_dagrun for example_external_task_marker_child to None, run_after=None
[2024-07-24T23:44:45.474+0000] {logging_mixin.py:188} INFO - [2024-07-24T23:44:45.474+0000] {dag.py:3947} INFO - Setting next_dagrun for example_external_task_marker_parent to None, run_after=None
[2024-07-24T23:44:45.518+0000] {processor.py:183} INFO - Processing /home/airflow/.local/lib/python3.12/site-packages/airflow/example_dags/example_external_task_marker_dag.py took 0.331 seconds
[2024-07-24T23:45:15.584+0000] {processor.py:161} INFO - Started process (PID=683) to work on /home/airflow/.local/lib/python3.12/site-packages/airflow/example_dags/example_external_task_marker_dag.py
[2024-07-24T23:45:15.585+0000] {processor.py:830} INFO - Processing file /home/airflow/.local/lib/python3.12/site-packages/airflow/example_dags/example_external_task_marker_dag.py for tasks to queue
[2024-07-24T23:45:15.588+0000] {logging_mixin.py:188} INFO - [2024-07-24T23:45:15.587+0000] {dagbag.py:545} INFO - Filling up the DagBag from /home/airflow/.local/lib/python3.12/site-packages/airflow/example_dags/example_external_task_marker_dag.py
[2024-07-24T23:45:15.597+0000] {processor.py:840} INFO - DAG(s) 'example_external_task_marker_child', 'example_external_task_marker_parent' retrieved from /home/airflow/.local/lib/python3.12/site-packages/airflow/example_dags/example_external_task_marker_dag.py
[2024-07-24T23:45:15.627+0000] {logging_mixin.py:188} INFO - [2024-07-24T23:45:15.626+0000] {dag.py:3089} INFO - Sync 2 DAGs
[2024-07-24T23:45:15.654+0000] {logging_mixin.py:188} INFO - [2024-07-24T23:45:15.653+0000] {dag.py:3947} INFO - Setting next_dagrun for example_external_task_marker_child to None, run_after=None
[2024-07-24T23:45:15.663+0000] {logging_mixin.py:188} INFO - [2024-07-24T23:45:15.662+0000] {dag.py:3947} INFO - Setting next_dagrun for example_external_task_marker_parent to None, run_after=None
[2024-07-24T23:45:15.704+0000] {processor.py:183} INFO - Processing /home/airflow/.local/lib/python3.12/site-packages/airflow/example_dags/example_external_task_marker_dag.py took 0.126 seconds
[2024-07-24T23:45:46.726+0000] {processor.py:161} INFO - Started process (PID=944) to work on /home/airflow/.local/lib/python3.12/site-packages/airflow/example_dags/example_external_task_marker_dag.py
[2024-07-24T23:45:46.730+0000] {processor.py:830} INFO - Processing file /home/airflow/.local/lib/python3.12/site-packages/airflow/example_dags/example_external_task_marker_dag.py for tasks to queue
[2024-07-24T23:45:46.734+0000] {logging_mixin.py:188} INFO - [2024-07-24T23:45:46.733+0000] {dagbag.py:545} INFO - Filling up the DagBag from /home/airflow/.local/lib/python3.12/site-packages/airflow/example_dags/example_external_task_marker_dag.py
[2024-07-24T23:45:46.806+0000] {processor.py:840} INFO - DAG(s) 'example_external_task_marker_parent', 'example_external_task_marker_child' retrieved from /home/airflow/.local/lib/python3.12/site-packages/airflow/example_dags/example_external_task_marker_dag.py
[2024-07-24T23:45:46.874+0000] {logging_mixin.py:188} INFO - [2024-07-24T23:45:46.874+0000] {dag.py:3089} INFO - Sync 2 DAGs
[2024-07-24T23:45:46.925+0000] {logging_mixin.py:188} INFO - [2024-07-24T23:45:46.924+0000] {dag.py:3947} INFO - Setting next_dagrun for example_external_task_marker_child to None, run_after=None
[2024-07-24T23:45:46.934+0000] {logging_mixin.py:188} INFO - [2024-07-24T23:45:46.934+0000] {dag.py:3947} INFO - Setting next_dagrun for example_external_task_marker_parent to None, run_after=None
[2024-07-24T23:45:46.970+0000] {processor.py:183} INFO - Processing /home/airflow/.local/lib/python3.12/site-packages/airflow/example_dags/example_external_task_marker_dag.py took 0.257 seconds
[2024-07-24T23:46:17.122+0000] {processor.py:161} INFO - Started process (PID=1206) to work on /home/airflow/.local/lib/python3.12/site-packages/airflow/example_dags/example_external_task_marker_dag.py
[2024-07-24T23:46:17.124+0000] {processor.py:830} INFO - Processing file /home/airflow/.local/lib/python3.12/site-packages/airflow/example_dags/example_external_task_marker_dag.py for tasks to queue
[2024-07-24T23:46:17.126+0000] {logging_mixin.py:188} INFO - [2024-07-24T23:46:17.126+0000] {dagbag.py:545} INFO - Filling up the DagBag from /home/airflow/.local/lib/python3.12/site-packages/airflow/example_dags/example_external_task_marker_dag.py
[2024-07-24T23:46:17.134+0000] {processor.py:840} INFO - DAG(s) 'example_external_task_marker_child', 'example_external_task_marker_parent' retrieved from /home/airflow/.local/lib/python3.12/site-packages/airflow/example_dags/example_external_task_marker_dag.py
[2024-07-24T23:46:17.165+0000] {logging_mixin.py:188} INFO - [2024-07-24T23:46:17.164+0000] {dag.py:3089} INFO - Sync 2 DAGs
[2024-07-24T23:46:17.192+0000] {logging_mixin.py:188} INFO - [2024-07-24T23:46:17.192+0000] {dag.py:3947} INFO - Setting next_dagrun for example_external_task_marker_child to None, run_after=None
[2024-07-24T23:46:17.199+0000] {logging_mixin.py:188} INFO - [2024-07-24T23:46:17.198+0000] {dag.py:3947} INFO - Setting next_dagrun for example_external_task_marker_parent to None, run_after=None
[2024-07-24T23:46:17.235+0000] {processor.py:183} INFO - Processing /home/airflow/.local/lib/python3.12/site-packages/airflow/example_dags/example_external_task_marker_dag.py took 0.120 seconds
[2024-07-24T23:46:47.528+0000] {processor.py:161} INFO - Started process (PID=1468) to work on /home/airflow/.local/lib/python3.12/site-packages/airflow/example_dags/example_external_task_marker_dag.py
[2024-07-24T23:46:47.529+0000] {processor.py:830} INFO - Processing file /home/airflow/.local/lib/python3.12/site-packages/airflow/example_dags/example_external_task_marker_dag.py for tasks to queue
[2024-07-24T23:46:47.532+0000] {logging_mixin.py:188} INFO - [2024-07-24T23:46:47.531+0000] {dagbag.py:545} INFO - Filling up the DagBag from /home/airflow/.local/lib/python3.12/site-packages/airflow/example_dags/example_external_task_marker_dag.py
[2024-07-24T23:46:47.538+0000] {processor.py:840} INFO - DAG(s) 'example_external_task_marker_parent', 'example_external_task_marker_child' retrieved from /home/airflow/.local/lib/python3.12/site-packages/airflow/example_dags/example_external_task_marker_dag.py
[2024-07-24T23:46:47.563+0000] {logging_mixin.py:188} INFO - [2024-07-24T23:46:47.562+0000] {dag.py:3089} INFO - Sync 2 DAGs
[2024-07-24T23:46:47.575+0000] {logging_mixin.py:188} INFO - [2024-07-24T23:46:47.575+0000] {dag.py:3947} INFO - Setting next_dagrun for example_external_task_marker_child to None, run_after=None
[2024-07-24T23:46:47.579+0000] {logging_mixin.py:188} INFO - [2024-07-24T23:46:47.579+0000] {dag.py:3947} INFO - Setting next_dagrun for example_external_task_marker_parent to None, run_after=None
[2024-07-24T23:46:47.606+0000] {processor.py:183} INFO - Processing /home/airflow/.local/lib/python3.12/site-packages/airflow/example_dags/example_external_task_marker_dag.py took 0.084 seconds
[2024-07-24T23:47:17.750+0000] {processor.py:161} INFO - Started process (PID=1730) to work on /home/airflow/.local/lib/python3.12/site-packages/airflow/example_dags/example_external_task_marker_dag.py
[2024-07-24T23:47:17.751+0000] {processor.py:830} INFO - Processing file /home/airflow/.local/lib/python3.12/site-packages/airflow/example_dags/example_external_task_marker_dag.py for tasks to queue
[2024-07-24T23:47:17.753+0000] {logging_mixin.py:188} INFO - [2024-07-24T23:47:17.753+0000] {dagbag.py:545} INFO - Filling up the DagBag from /home/airflow/.local/lib/python3.12/site-packages/airflow/example_dags/example_external_task_marker_dag.py
[2024-07-24T23:47:17.760+0000] {processor.py:840} INFO - DAG(s) 'example_external_task_marker_parent', 'example_external_task_marker_child' retrieved from /home/airflow/.local/lib/python3.12/site-packages/airflow/example_dags/example_external_task_marker_dag.py
[2024-07-24T23:47:17.783+0000] {logging_mixin.py:188} INFO - [2024-07-24T23:47:17.783+0000] {dag.py:3089} INFO - Sync 2 DAGs
[2024-07-24T23:47:17.796+0000] {logging_mixin.py:188} INFO - [2024-07-24T23:47:17.796+0000] {dag.py:3947} INFO - Setting next_dagrun for example_external_task_marker_child to None, run_after=None
[2024-07-24T23:47:17.800+0000] {logging_mixin.py:188} INFO - [2024-07-24T23:47:17.800+0000] {dag.py:3947} INFO - Setting next_dagrun for example_external_task_marker_parent to None, run_after=None
[2024-07-24T23:47:17.827+0000] {processor.py:183} INFO - Processing /home/airflow/.local/lib/python3.12/site-packages/airflow/example_dags/example_external_task_marker_dag.py took 0.084 seconds
