[2024-07-24T23:44:42.747+0000] {processor.py:161} INFO - Started process (PID=366) to work on /home/airflow/.local/lib/python3.12/site-packages/airflow/example_dags/example_bash_operator.py
[2024-07-24T23:44:42.750+0000] {processor.py:830} INFO - Processing file /home/airflow/.local/lib/python3.12/site-packages/airflow/example_dags/example_bash_operator.py for tasks to queue
[2024-07-24T23:44:42.752+0000] {logging_mixin.py:188} INFO - [2024-07-24T23:44:42.752+0000] {dagbag.py:545} INFO - Filling up the DagBag from /home/airflow/.local/lib/python3.12/site-packages/airflow/example_dags/example_bash_operator.py
[2024-07-24T23:44:42.778+0000] {processor.py:840} INFO - DAG(s) 'example_bash_operator' retrieved from /home/airflow/.local/lib/python3.12/site-packages/airflow/example_dags/example_bash_operator.py
[2024-07-24T23:44:42.965+0000] {logging_mixin.py:188} INFO - [2024-07-24T23:44:42.965+0000] {dag.py:3089} INFO - Sync 1 DAGs
[2024-07-24T23:44:43.025+0000] {logging_mixin.py:188} INFO - [2024-07-24T23:44:43.024+0000] {dag.py:3947} INFO - Setting next_dagrun for example_bash_operator to 2024-07-23 00:00:00+00:00, run_after=2024-07-24 00:00:00+00:00
[2024-07-24T23:44:43.080+0000] {processor.py:183} INFO - Processing /home/airflow/.local/lib/python3.12/site-packages/airflow/example_dags/example_bash_operator.py took 0.342 seconds
[2024-07-24T23:45:13.794+0000] {processor.py:161} INFO - Started process (PID=628) to work on /home/airflow/.local/lib/python3.12/site-packages/airflow/example_dags/example_bash_operator.py
[2024-07-24T23:45:13.796+0000] {processor.py:830} INFO - Processing file /home/airflow/.local/lib/python3.12/site-packages/airflow/example_dags/example_bash_operator.py for tasks to queue
[2024-07-24T23:45:13.799+0000] {logging_mixin.py:188} INFO - [2024-07-24T23:45:13.799+0000] {dagbag.py:545} INFO - Filling up the DagBag from /home/airflow/.local/lib/python3.12/site-packages/airflow/example_dags/example_bash_operator.py
[2024-07-24T23:45:13.810+0000] {processor.py:840} INFO - DAG(s) 'example_bash_operator' retrieved from /home/airflow/.local/lib/python3.12/site-packages/airflow/example_dags/example_bash_operator.py
[2024-07-24T23:45:13.837+0000] {logging_mixin.py:188} INFO - [2024-07-24T23:45:13.836+0000] {dag.py:3089} INFO - Sync 1 DAGs
[2024-07-24T23:45:13.860+0000] {logging_mixin.py:188} INFO - [2024-07-24T23:45:13.860+0000] {dag.py:3947} INFO - Setting next_dagrun for example_bash_operator to 2024-07-23 00:00:00+00:00, run_after=2024-07-24 00:00:00+00:00
[2024-07-24T23:45:13.882+0000] {processor.py:183} INFO - Processing /home/airflow/.local/lib/python3.12/site-packages/airflow/example_dags/example_bash_operator.py took 0.093 seconds
[2024-07-24T23:45:45.068+0000] {processor.py:161} INFO - Started process (PID=889) to work on /home/airflow/.local/lib/python3.12/site-packages/airflow/example_dags/example_bash_operator.py
[2024-07-24T23:45:45.071+0000] {processor.py:830} INFO - Processing file /home/airflow/.local/lib/python3.12/site-packages/airflow/example_dags/example_bash_operator.py for tasks to queue
[2024-07-24T23:45:45.076+0000] {logging_mixin.py:188} INFO - [2024-07-24T23:45:45.076+0000] {dagbag.py:545} INFO - Filling up the DagBag from /home/airflow/.local/lib/python3.12/site-packages/airflow/example_dags/example_bash_operator.py
[2024-07-24T23:45:45.123+0000] {processor.py:840} INFO - DAG(s) 'example_bash_operator' retrieved from /home/airflow/.local/lib/python3.12/site-packages/airflow/example_dags/example_bash_operator.py
[2024-07-24T23:45:45.186+0000] {logging_mixin.py:188} INFO - [2024-07-24T23:45:45.185+0000] {dag.py:3089} INFO - Sync 1 DAGs
[2024-07-24T23:45:45.334+0000] {logging_mixin.py:188} INFO - [2024-07-24T23:45:45.334+0000] {dag.py:3947} INFO - Setting next_dagrun for example_bash_operator to 2024-07-23 00:00:00+00:00, run_after=2024-07-24 00:00:00+00:00
[2024-07-24T23:45:45.465+0000] {processor.py:183} INFO - Processing /home/airflow/.local/lib/python3.12/site-packages/airflow/example_dags/example_bash_operator.py took 0.416 seconds
[2024-07-24T23:46:16.220+0000] {processor.py:161} INFO - Started process (PID=1153) to work on /home/airflow/.local/lib/python3.12/site-packages/airflow/example_dags/example_bash_operator.py
[2024-07-24T23:46:16.222+0000] {processor.py:830} INFO - Processing file /home/airflow/.local/lib/python3.12/site-packages/airflow/example_dags/example_bash_operator.py for tasks to queue
[2024-07-24T23:46:16.224+0000] {logging_mixin.py:188} INFO - [2024-07-24T23:46:16.223+0000] {dagbag.py:545} INFO - Filling up the DagBag from /home/airflow/.local/lib/python3.12/site-packages/airflow/example_dags/example_bash_operator.py
[2024-07-24T23:46:16.234+0000] {processor.py:840} INFO - DAG(s) 'example_bash_operator' retrieved from /home/airflow/.local/lib/python3.12/site-packages/airflow/example_dags/example_bash_operator.py
[2024-07-24T23:46:16.260+0000] {logging_mixin.py:188} INFO - [2024-07-24T23:46:16.260+0000] {dag.py:3089} INFO - Sync 1 DAGs
[2024-07-24T23:46:16.283+0000] {logging_mixin.py:188} INFO - [2024-07-24T23:46:16.283+0000] {dag.py:3947} INFO - Setting next_dagrun for example_bash_operator to 2024-07-23 00:00:00+00:00, run_after=2024-07-24 00:00:00+00:00
[2024-07-24T23:46:16.318+0000] {processor.py:183} INFO - Processing /home/airflow/.local/lib/python3.12/site-packages/airflow/example_dags/example_bash_operator.py took 0.103 seconds
[2024-07-24T23:46:46.591+0000] {processor.py:161} INFO - Started process (PID=1415) to work on /home/airflow/.local/lib/python3.12/site-packages/airflow/example_dags/example_bash_operator.py
[2024-07-24T23:46:46.593+0000] {processor.py:830} INFO - Processing file /home/airflow/.local/lib/python3.12/site-packages/airflow/example_dags/example_bash_operator.py for tasks to queue
[2024-07-24T23:46:46.596+0000] {logging_mixin.py:188} INFO - [2024-07-24T23:46:46.595+0000] {dagbag.py:545} INFO - Filling up the DagBag from /home/airflow/.local/lib/python3.12/site-packages/airflow/example_dags/example_bash_operator.py
[2024-07-24T23:46:46.610+0000] {processor.py:840} INFO - DAG(s) 'example_bash_operator' retrieved from /home/airflow/.local/lib/python3.12/site-packages/airflow/example_dags/example_bash_operator.py
[2024-07-24T23:46:46.652+0000] {logging_mixin.py:188} INFO - [2024-07-24T23:46:46.652+0000] {dag.py:3089} INFO - Sync 1 DAGs
[2024-07-24T23:46:46.700+0000] {logging_mixin.py:188} INFO - [2024-07-24T23:46:46.699+0000] {dag.py:3947} INFO - Setting next_dagrun for example_bash_operator to 2024-07-23 00:00:00+00:00, run_after=2024-07-24 00:00:00+00:00
[2024-07-24T23:46:46.739+0000] {processor.py:183} INFO - Processing /home/airflow/.local/lib/python3.12/site-packages/airflow/example_dags/example_bash_operator.py took 0.157 seconds
[2024-07-24T23:47:16.920+0000] {processor.py:161} INFO - Started process (PID=1677) to work on /home/airflow/.local/lib/python3.12/site-packages/airflow/example_dags/example_bash_operator.py
[2024-07-24T23:47:16.921+0000] {processor.py:830} INFO - Processing file /home/airflow/.local/lib/python3.12/site-packages/airflow/example_dags/example_bash_operator.py for tasks to queue
[2024-07-24T23:47:16.923+0000] {logging_mixin.py:188} INFO - [2024-07-24T23:47:16.923+0000] {dagbag.py:545} INFO - Filling up the DagBag from /home/airflow/.local/lib/python3.12/site-packages/airflow/example_dags/example_bash_operator.py
[2024-07-24T23:47:16.934+0000] {processor.py:840} INFO - DAG(s) 'example_bash_operator' retrieved from /home/airflow/.local/lib/python3.12/site-packages/airflow/example_dags/example_bash_operator.py
[2024-07-24T23:47:16.962+0000] {logging_mixin.py:188} INFO - [2024-07-24T23:47:16.961+0000] {dag.py:3089} INFO - Sync 1 DAGs
[2024-07-24T23:47:16.983+0000] {logging_mixin.py:188} INFO - [2024-07-24T23:47:16.983+0000] {dag.py:3947} INFO - Setting next_dagrun for example_bash_operator to 2024-07-23 00:00:00+00:00, run_after=2024-07-24 00:00:00+00:00
[2024-07-24T23:47:17.005+0000] {processor.py:183} INFO - Processing /home/airflow/.local/lib/python3.12/site-packages/airflow/example_dags/example_bash_operator.py took 0.090 seconds
