[2024-07-24T23:44:44.687+0000] {processor.py:161} INFO - Started process (PID=414) to work on /home/airflow/.local/lib/python3.12/site-packages/airflow/example_dags/example_subdag_operator.py
[2024-07-24T23:44:44.689+0000] {processor.py:830} INFO - Processing file /home/airflow/.local/lib/python3.12/site-packages/airflow/example_dags/example_subdag_operator.py for tasks to queue
[2024-07-24T23:44:44.693+0000] {logging_mixin.py:188} INFO - [2024-07-24T23:44:44.692+0000] {dagbag.py:545} INFO - Filling up the DagBag from /home/airflow/.local/lib/python3.12/site-packages/airflow/example_dags/example_subdag_operator.py
[2024-07-24T23:44:44.777+0000] {processor.py:840} INFO - DAG(s) 'example_subdag_operator.section-1', 'example_subdag_operator.section-2', 'example_subdag_operator' retrieved from /home/airflow/.local/lib/python3.12/site-packages/airflow/example_dags/example_subdag_operator.py
[2024-07-24T23:44:45.130+0000] {logging_mixin.py:188} INFO - [2024-07-24T23:44:45.130+0000] {dag.py:3089} INFO - Sync 3 DAGs
[2024-07-24T23:44:45.169+0000] {logging_mixin.py:188} INFO - [2024-07-24T23:44:45.168+0000] {dag.py:3947} INFO - Setting next_dagrun for example_subdag_operator to 2022-01-01 00:00:00+00:00, run_after=2022-01-01 00:00:00+00:00
[2024-07-24T23:44:45.176+0000] {logging_mixin.py:188} INFO - [2024-07-24T23:44:45.176+0000] {dag.py:3947} INFO - Setting next_dagrun for example_subdag_operator.section-1 to None, run_after=None
[2024-07-24T23:44:45.180+0000] {logging_mixin.py:188} INFO - [2024-07-24T23:44:45.179+0000] {dag.py:3947} INFO - Setting next_dagrun for example_subdag_operator.section-2 to None, run_after=None
[2024-07-24T23:44:45.196+0000] {logging_mixin.py:188} INFO - [2024-07-24T23:44:45.196+0000] {dag.py:3089} INFO - Sync 2 DAGs
[2024-07-24T23:44:45.205+0000] {logging_mixin.py:188} INFO - [2024-07-24T23:44:45.205+0000] {dag.py:3947} INFO - Setting next_dagrun for example_subdag_operator.section-1 to None, run_after=None
[2024-07-24T23:44:45.207+0000] {logging_mixin.py:188} INFO - [2024-07-24T23:44:45.206+0000] {dag.py:3947} INFO - Setting next_dagrun for example_subdag_operator.section-2 to None, run_after=None
[2024-07-24T23:44:45.225+0000] {processor.py:183} INFO - Processing /home/airflow/.local/lib/python3.12/site-packages/airflow/example_dags/example_subdag_operator.py took 0.548 seconds
[2024-07-24T23:45:15.362+0000] {processor.py:161} INFO - Started process (PID=676) to work on /home/airflow/.local/lib/python3.12/site-packages/airflow/example_dags/example_subdag_operator.py
[2024-07-24T23:45:15.363+0000] {processor.py:830} INFO - Processing file /home/airflow/.local/lib/python3.12/site-packages/airflow/example_dags/example_subdag_operator.py for tasks to queue
[2024-07-24T23:45:15.365+0000] {logging_mixin.py:188} INFO - [2024-07-24T23:45:15.364+0000] {dagbag.py:545} INFO - Filling up the DagBag from /home/airflow/.local/lib/python3.12/site-packages/airflow/example_dags/example_subdag_operator.py
[2024-07-24T23:45:15.392+0000] {processor.py:840} INFO - DAG(s) 'example_subdag_operator.section-1', 'example_subdag_operator.section-2', 'example_subdag_operator' retrieved from /home/airflow/.local/lib/python3.12/site-packages/airflow/example_dags/example_subdag_operator.py
[2024-07-24T23:45:15.417+0000] {logging_mixin.py:188} INFO - [2024-07-24T23:45:15.416+0000] {dag.py:3089} INFO - Sync 3 DAGs
[2024-07-24T23:45:15.455+0000] {logging_mixin.py:188} INFO - [2024-07-24T23:45:15.454+0000] {dag.py:3947} INFO - Setting next_dagrun for example_subdag_operator to 2022-01-01 00:00:00+00:00, run_after=2022-01-01 00:00:00+00:00
[2024-07-24T23:45:15.462+0000] {logging_mixin.py:188} INFO - [2024-07-24T23:45:15.461+0000] {dag.py:3947} INFO - Setting next_dagrun for example_subdag_operator.section-1 to None, run_after=None
[2024-07-24T23:45:15.467+0000] {logging_mixin.py:188} INFO - [2024-07-24T23:45:15.466+0000] {dag.py:3947} INFO - Setting next_dagrun for example_subdag_operator.section-2 to None, run_after=None
[2024-07-24T23:45:15.485+0000] {logging_mixin.py:188} INFO - [2024-07-24T23:45:15.484+0000] {dag.py:3089} INFO - Sync 2 DAGs
[2024-07-24T23:45:15.496+0000] {logging_mixin.py:188} INFO - [2024-07-24T23:45:15.496+0000] {dag.py:3947} INFO - Setting next_dagrun for example_subdag_operator.section-1 to None, run_after=None
[2024-07-24T23:45:15.497+0000] {logging_mixin.py:188} INFO - [2024-07-24T23:45:15.497+0000] {dag.py:3947} INFO - Setting next_dagrun for example_subdag_operator.section-2 to None, run_after=None
[2024-07-24T23:45:15.545+0000] {processor.py:183} INFO - Processing /home/airflow/.local/lib/python3.12/site-packages/airflow/example_dags/example_subdag_operator.py took 0.190 seconds
[2024-07-24T23:45:46.478+0000] {processor.py:161} INFO - Started process (PID=939) to work on /home/airflow/.local/lib/python3.12/site-packages/airflow/example_dags/example_subdag_operator.py
[2024-07-24T23:45:46.480+0000] {processor.py:830} INFO - Processing file /home/airflow/.local/lib/python3.12/site-packages/airflow/example_dags/example_subdag_operator.py for tasks to queue
[2024-07-24T23:45:46.485+0000] {logging_mixin.py:188} INFO - [2024-07-24T23:45:46.484+0000] {dagbag.py:545} INFO - Filling up the DagBag from /home/airflow/.local/lib/python3.12/site-packages/airflow/example_dags/example_subdag_operator.py
[2024-07-24T23:45:46.533+0000] {processor.py:840} INFO - DAG(s) 'example_subdag_operator.section-1', 'example_subdag_operator.section-2', 'example_subdag_operator' retrieved from /home/airflow/.local/lib/python3.12/site-packages/airflow/example_dags/example_subdag_operator.py
[2024-07-24T23:45:46.576+0000] {logging_mixin.py:188} INFO - [2024-07-24T23:45:46.575+0000] {dag.py:3089} INFO - Sync 3 DAGs
[2024-07-24T23:45:46.702+0000] {logging_mixin.py:188} INFO - [2024-07-24T23:45:46.702+0000] {dag.py:3947} INFO - Setting next_dagrun for example_subdag_operator to 2022-01-01 00:00:00+00:00, run_after=2022-01-01 00:00:00+00:00
[2024-07-24T23:45:46.712+0000] {logging_mixin.py:188} INFO - [2024-07-24T23:45:46.712+0000] {dag.py:3947} INFO - Setting next_dagrun for example_subdag_operator.section-1 to None, run_after=None
[2024-07-24T23:45:46.715+0000] {logging_mixin.py:188} INFO - [2024-07-24T23:45:46.714+0000] {dag.py:3947} INFO - Setting next_dagrun for example_subdag_operator.section-2 to None, run_after=None
[2024-07-24T23:45:46.734+0000] {logging_mixin.py:188} INFO - [2024-07-24T23:45:46.733+0000] {dag.py:3089} INFO - Sync 2 DAGs
[2024-07-24T23:45:46.749+0000] {logging_mixin.py:188} INFO - [2024-07-24T23:45:46.748+0000] {dag.py:3947} INFO - Setting next_dagrun for example_subdag_operator.section-1 to None, run_after=None
[2024-07-24T23:45:46.752+0000] {logging_mixin.py:188} INFO - [2024-07-24T23:45:46.751+0000] {dag.py:3947} INFO - Setting next_dagrun for example_subdag_operator.section-2 to None, run_after=None
[2024-07-24T23:45:46.799+0000] {processor.py:183} INFO - Processing /home/airflow/.local/lib/python3.12/site-packages/airflow/example_dags/example_subdag_operator.py took 0.335 seconds
[2024-07-24T23:46:17.121+0000] {processor.py:161} INFO - Started process (PID=1203) to work on /home/airflow/.local/lib/python3.12/site-packages/airflow/example_dags/example_subdag_operator.py
[2024-07-24T23:46:17.123+0000] {processor.py:830} INFO - Processing file /home/airflow/.local/lib/python3.12/site-packages/airflow/example_dags/example_subdag_operator.py for tasks to queue
[2024-07-24T23:46:17.125+0000] {logging_mixin.py:188} INFO - [2024-07-24T23:46:17.125+0000] {dagbag.py:545} INFO - Filling up the DagBag from /home/airflow/.local/lib/python3.12/site-packages/airflow/example_dags/example_subdag_operator.py
[2024-07-24T23:46:17.155+0000] {processor.py:840} INFO - DAG(s) 'example_subdag_operator.section-1', 'example_subdag_operator.section-2', 'example_subdag_operator' retrieved from /home/airflow/.local/lib/python3.12/site-packages/airflow/example_dags/example_subdag_operator.py
[2024-07-24T23:46:17.185+0000] {logging_mixin.py:188} INFO - [2024-07-24T23:46:17.185+0000] {dag.py:3089} INFO - Sync 3 DAGs
[2024-07-24T23:46:17.228+0000] {logging_mixin.py:188} INFO - [2024-07-24T23:46:17.228+0000] {dag.py:3947} INFO - Setting next_dagrun for example_subdag_operator to 2022-01-01 00:00:00+00:00, run_after=2022-01-01 00:00:00+00:00
[2024-07-24T23:46:17.238+0000] {logging_mixin.py:188} INFO - [2024-07-24T23:46:17.237+0000] {dag.py:3947} INFO - Setting next_dagrun for example_subdag_operator.section-1 to None, run_after=None
[2024-07-24T23:46:17.243+0000] {logging_mixin.py:188} INFO - [2024-07-24T23:46:17.243+0000] {dag.py:3947} INFO - Setting next_dagrun for example_subdag_operator.section-2 to None, run_after=None
[2024-07-24T23:46:17.258+0000] {logging_mixin.py:188} INFO - [2024-07-24T23:46:17.258+0000] {dag.py:3089} INFO - Sync 2 DAGs
[2024-07-24T23:46:17.271+0000] {logging_mixin.py:188} INFO - [2024-07-24T23:46:17.270+0000] {dag.py:3947} INFO - Setting next_dagrun for example_subdag_operator.section-1 to None, run_after=None
[2024-07-24T23:46:17.272+0000] {logging_mixin.py:188} INFO - [2024-07-24T23:46:17.272+0000] {dag.py:3947} INFO - Setting next_dagrun for example_subdag_operator.section-2 to None, run_after=None
[2024-07-24T23:46:17.293+0000] {processor.py:183} INFO - Processing /home/airflow/.local/lib/python3.12/site-packages/airflow/example_dags/example_subdag_operator.py took 0.178 seconds
[2024-07-24T23:46:47.510+0000] {processor.py:161} INFO - Started process (PID=1463) to work on /home/airflow/.local/lib/python3.12/site-packages/airflow/example_dags/example_subdag_operator.py
[2024-07-24T23:46:47.512+0000] {processor.py:830} INFO - Processing file /home/airflow/.local/lib/python3.12/site-packages/airflow/example_dags/example_subdag_operator.py for tasks to queue
[2024-07-24T23:46:47.514+0000] {logging_mixin.py:188} INFO - [2024-07-24T23:46:47.513+0000] {dagbag.py:545} INFO - Filling up the DagBag from /home/airflow/.local/lib/python3.12/site-packages/airflow/example_dags/example_subdag_operator.py
[2024-07-24T23:46:47.538+0000] {processor.py:840} INFO - DAG(s) 'example_subdag_operator.section-1', 'example_subdag_operator.section-2', 'example_subdag_operator' retrieved from /home/airflow/.local/lib/python3.12/site-packages/airflow/example_dags/example_subdag_operator.py
[2024-07-24T23:46:47.554+0000] {logging_mixin.py:188} INFO - [2024-07-24T23:46:47.554+0000] {dag.py:3089} INFO - Sync 3 DAGs
[2024-07-24T23:46:47.575+0000] {logging_mixin.py:188} INFO - [2024-07-24T23:46:47.575+0000] {dag.py:3947} INFO - Setting next_dagrun for example_subdag_operator to 2022-01-01 00:00:00+00:00, run_after=2022-01-01 00:00:00+00:00
[2024-07-24T23:46:47.579+0000] {logging_mixin.py:188} INFO - [2024-07-24T23:46:47.579+0000] {dag.py:3947} INFO - Setting next_dagrun for example_subdag_operator.section-1 to None, run_after=None
[2024-07-24T23:46:47.581+0000] {logging_mixin.py:188} INFO - [2024-07-24T23:46:47.581+0000] {dag.py:3947} INFO - Setting next_dagrun for example_subdag_operator.section-2 to None, run_after=None
[2024-07-24T23:46:47.591+0000] {logging_mixin.py:188} INFO - [2024-07-24T23:46:47.591+0000] {dag.py:3089} INFO - Sync 2 DAGs
[2024-07-24T23:46:47.600+0000] {logging_mixin.py:188} INFO - [2024-07-24T23:46:47.600+0000] {dag.py:3947} INFO - Setting next_dagrun for example_subdag_operator.section-1 to None, run_after=None
[2024-07-24T23:46:47.601+0000] {logging_mixin.py:188} INFO - [2024-07-24T23:46:47.601+0000] {dag.py:3947} INFO - Setting next_dagrun for example_subdag_operator.section-2 to None, run_after=None
[2024-07-24T23:46:47.623+0000] {processor.py:183} INFO - Processing /home/airflow/.local/lib/python3.12/site-packages/airflow/example_dags/example_subdag_operator.py took 0.119 seconds
[2024-07-24T23:47:17.740+0000] {processor.py:161} INFO - Started process (PID=1727) to work on /home/airflow/.local/lib/python3.12/site-packages/airflow/example_dags/example_subdag_operator.py
[2024-07-24T23:47:17.741+0000] {processor.py:830} INFO - Processing file /home/airflow/.local/lib/python3.12/site-packages/airflow/example_dags/example_subdag_operator.py for tasks to queue
[2024-07-24T23:47:17.743+0000] {logging_mixin.py:188} INFO - [2024-07-24T23:47:17.743+0000] {dagbag.py:545} INFO - Filling up the DagBag from /home/airflow/.local/lib/python3.12/site-packages/airflow/example_dags/example_subdag_operator.py
[2024-07-24T23:47:17.767+0000] {processor.py:840} INFO - DAG(s) 'example_subdag_operator.section-1', 'example_subdag_operator.section-2', 'example_subdag_operator' retrieved from /home/airflow/.local/lib/python3.12/site-packages/airflow/example_dags/example_subdag_operator.py
[2024-07-24T23:47:17.783+0000] {logging_mixin.py:188} INFO - [2024-07-24T23:47:17.783+0000] {dag.py:3089} INFO - Sync 3 DAGs
[2024-07-24T23:47:17.806+0000] {logging_mixin.py:188} INFO - [2024-07-24T23:47:17.805+0000] {dag.py:3947} INFO - Setting next_dagrun for example_subdag_operator to 2022-01-01 00:00:00+00:00, run_after=2022-01-01 00:00:00+00:00
[2024-07-24T23:47:17.810+0000] {logging_mixin.py:188} INFO - [2024-07-24T23:47:17.810+0000] {dag.py:3947} INFO - Setting next_dagrun for example_subdag_operator.section-1 to None, run_after=None
[2024-07-24T23:47:17.812+0000] {logging_mixin.py:188} INFO - [2024-07-24T23:47:17.812+0000] {dag.py:3947} INFO - Setting next_dagrun for example_subdag_operator.section-2 to None, run_after=None
[2024-07-24T23:47:17.826+0000] {logging_mixin.py:188} INFO - [2024-07-24T23:47:17.825+0000] {dag.py:3089} INFO - Sync 2 DAGs
[2024-07-24T23:47:17.835+0000] {logging_mixin.py:188} INFO - [2024-07-24T23:47:17.834+0000] {dag.py:3947} INFO - Setting next_dagrun for example_subdag_operator.section-1 to None, run_after=None
[2024-07-24T23:47:17.836+0000] {logging_mixin.py:188} INFO - [2024-07-24T23:47:17.836+0000] {dag.py:3947} INFO - Setting next_dagrun for example_subdag_operator.section-2 to None, run_after=None
[2024-07-24T23:47:17.853+0000] {processor.py:183} INFO - Processing /home/airflow/.local/lib/python3.12/site-packages/airflow/example_dags/example_subdag_operator.py took 0.119 seconds
